::1 - - [12/Aug/2019:09:32:26 +0000] "GET / HTTP/1.1" 304 -
::1 - - [12/Aug/2019:09:32:26 +0000] "GET /stylesheets/css/bootstrap.min.css HTTP/1.1" 304 -
::1 - - [12/Aug/2019:09:32:26 +0000] "GET /images/slides2.jpg HTTP/1.1" 304 -
::1 - - [12/Aug/2019:09:32:26 +0000] "GET /images/slides1.jpg HTTP/1.1" 304 -
::1 - - [12/Aug/2019:09:32:26 +0000] "GET /stylesheets/style.css HTTP/1.1" 200 7970
::1 - - [12/Aug/2019:09:32:26 +0000] "GET /javascripts/js/bootstrap.js HTTP/1.1" 304 -
::1 - - [12/Aug/2019:09:32:26 +0000] "GET /javascripts/login.js HTTP/1.1" 304 -
::1 - - [12/Aug/2019:09:32:26 +0000] "GET /images/slides3.jpg HTTP/1.1" 304 -
::1 - - [12/Aug/2019:09:32:26 +0000] "GET /images/passdimenticata.jpg HTTP/1.1" 304 -
::1 - - [12/Aug/2019:09:32:54 +0000] "POST /login HTTP/1.1" 200 5
::1 - - [12/Aug/2019:09:32:55 +0000] "GET /home HTTP/1.1" 200 16617
::1 - - [12/Aug/2019:09:32:55 +0000] "GET /stylesheets/css/bootstrap.min.css HTTP/1.1" 304 -
::1 - - [12/Aug/2019:09:32:55 +0000] "GET /stylesheets/style.css HTTP/1.1" 304 -
::1 - - [12/Aug/2019:09:32:55 +0000] "GET /javascripts/js/bootstrap.js HTTP/1.1" 304 -
::1 - - [12/Aug/2019:09:32:55 +0000] "GET /stylesheets/schermata.css HTTP/1.1" 304 -
::1 - - [12/Aug/2019:09:32:55 +0000] "GET /javascripts/home.js HTTP/1.1" 200 10063
::1 - - [12/Aug/2019:09:32:55 +0000] "GET /home/user_nickname HTTP/1.1" 200 6
::1 - - [12/Aug/2019:09:32:57 +0000] "GET /home/gestioneProfilo HTTP/1.1" 200 11340
::1 - - [12/Aug/2019:09:32:57 +0000] "GET /stylesheets/css/bootstrap.min.css HTTP/1.1" 304 -
::1 - - [12/Aug/2019:09:32:57 +0000] "GET /stylesheets/style.css HTTP/1.1" 304 -
::1 - - [12/Aug/2019:09:32:57 +0000] "GET /stylesheets/schermata.css HTTP/1.1" 304 -
::1 - - [12/Aug/2019:09:32:57 +0000] "GET /javascripts/js/bootstrap.js HTTP/1.1" 304 -
::1 - - [12/Aug/2019:09:32:57 +0000] "GET /javascripts/gestionedati.js HTTP/1.1" 304 -
::1 - - [12/Aug/2019:09:32:57 +0000] "GET /home/images/favicon.ico HTTP/1.1" 404 976
::1 - - [12/Aug/2019:09:33:02 +0000] "POST /home/gestioneDati/controllaPassword HTTP/1.1" 200 5
::1 - - [12/Aug/2019:09:33:34 +0000] "GET / HTTP/1.1" 302 54
::1 - - [12/Aug/2019:09:33:34 +0000] "GET /home HTTP/1.1" 304 -
::1 - - [12/Aug/2019:09:33:35 +0000] "GET /stylesheets/css/bootstrap.min.css HTTP/1.1" 304 -
::1 - - [12/Aug/2019:09:33:35 +0000] "GET /stylesheets/style.css HTTP/1.1" 304 -
::1 - - [12/Aug/2019:09:33:35 +0000] "GET /stylesheets/schermata.css HTTP/1.1" 304 -
::1 - - [12/Aug/2019:09:33:35 +0000] "GET /javascripts/js/bootstrap.js HTTP/1.1" 304 -
::1 - - [12/Aug/2019:09:33:35 +0000] "GET /javascripts/home.js HTTP/1.1" 304 -
::1 - - [12/Aug/2019:09:33:35 +0000] "GET /home/user_nickname HTTP/1.1" 304 -
::1 - - [12/Aug/2019:09:33:37 +0000] "GET /logout HTTP/1.1" 302 46
::1 - - [12/Aug/2019:09:33:37 +0000] "GET / HTTP/1.1" 200 6401
::1 - - [12/Aug/2019:09:33:37 +0000] "GET /stylesheets/css/bootstrap.min.css HTTP/1.1" 304 -
::1 - - [12/Aug/2019:09:33:37 +0000] "GET /stylesheets/style.css HTTP/1.1" 304 -
::1 - - [12/Aug/2019:09:33:37 +0000] "GET /images/slides1.jpg HTTP/1.1" 304 -
::1 - - [12/Aug/2019:09:33:37 +0000] "GET /images/slides2.jpg HTTP/1.1" 304 -
::1 - - [12/Aug/2019:09:33:37 +0000] "GET /javascripts/js/bootstrap.js HTTP/1.1" 304 -
::1 - - [12/Aug/2019:09:33:37 +0000] "GET /javascripts/login.js HTTP/1.1" 304 -
::1 - - [12/Aug/2019:09:33:37 +0000] "GET /images/slides3.jpg HTTP/1.1" 304 -
::1 - - [12/Aug/2019:09:33:37 +0000] "GET /images/passdimenticata.jpg HTTP/1.1" 304 -
::1 - - [12/Aug/2019:09:33:40 +0000] "GET /registrati HTTP/1.1" 304 -
::1 - - [12/Aug/2019:09:33:40 +0000] "GET /stylesheets/css/bootstrap.min.css HTTP/1.1" 304 -
::1 - - [12/Aug/2019:09:33:40 +0000] "GET /stylesheets/style.css HTTP/1.1" 304 -
::1 - - [12/Aug/2019:09:33:40 +0000] "GET /javascripts/js/bootstrap.js HTTP/1.1" 304 -
::1 - - [12/Aug/2019:09:33:40 +0000] "GET /javascripts/registrazione.js HTTP/1.1" 200 14137
::1 - - [12/Aug/2019:09:33:42 +0000] "POST /registrati/verificaEmailUnica HTTP/1.1" 200 5
::1 - - [12/Aug/2019:09:34:05 +0000] "POST /registrati/verificaEmailUnica HTTP/1.1" 200 5
::1 - - [12/Aug/2019:09:39:37 +0000] "POST /registrati/verificaEmailUnica HTTP/1.1" 200 5
::1 - - [12/Aug/2019:09:39:37 +0000] "GET / HTTP/1.1" 304 -
::1 - - [12/Aug/2019:09:39:37 +0000] "GET /stylesheets/css/bootstrap.min.css HTTP/1.1" 304 -
::1 - - [12/Aug/2019:09:39:37 +0000] "GET /stylesheets/style.css HTTP/1.1" 304 -
::1 - - [12/Aug/2019:09:39:37 +0000] "GET /images/slides1.jpg HTTP/1.1" 304 -
::1 - - [12/Aug/2019:09:39:37 +0000] "GET /images/slides2.jpg HTTP/1.1" 304 -
::1 - - [12/Aug/2019:09:39:38 +0000] "GET /javascripts/js/bootstrap.js HTTP/1.1" 304 -
::1 - - [12/Aug/2019:09:39:38 +0000] "GET /javascripts/login.js HTTP/1.1" 304 -
::1 - - [12/Aug/2019:09:39:38 +0000] "GET /images/slides3.jpg HTTP/1.1" 304 -
::1 - - [12/Aug/2019:09:39:38 +0000] "GET /images/passdimenticata.jpg HTTP/1.1" 304 -
::1 - - [12/Aug/2019:09:40:03 +0000] "GET /registrati HTTP/1.1" 304 -
::1 - - [12/Aug/2019:09:40:03 +0000] "GET /stylesheets/css/bootstrap.min.css HTTP/1.1" 304 -
::1 - - [12/Aug/2019:09:40:03 +0000] "GET /stylesheets/style.css HTTP/1.1" 304 -
::1 - - [12/Aug/2019:09:40:03 +0000] "GET /javascripts/js/bootstrap.js HTTP/1.1" 304 -
::1 - - [12/Aug/2019:09:40:03 +0000] "GET /javascripts/registrazione.js HTTP/1.1" 304 -
::1 - - [12/Aug/2019:09:40:23 +0000] "POST /registrati/verificaEmailUnica HTTP/1.1" 200 5
::1 - - [12/Aug/2019:10:02:11 +0000] "GET /registrati HTTP/1.1" 304 -
::1 - - [12/Aug/2019:10:02:11 +0000] "GET /stylesheets/css/bootstrap.min.css HTTP/1.1" 304 -
::ffff:127.0.0.1 - - [12/Aug/2019:10:02:12 +0000] "GET /stylesheets/style.css HTTP/1.1" 304 -
::1 - - [12/Aug/2019:10:02:12 +0000] "GET /javascripts/js/bootstrap.js HTTP/1.1" 304 -
::1 - - [12/Aug/2019:10:02:12 +0000] "GET /javascripts/registrazione.js HTTP/1.1" 200 14505
::1 - - [12/Aug/2019:10:02:12 +0000] "GET /images/favicon.ico HTTP/1.1" 200 1150
::1 - - [12/Aug/2019:10:41:50 +0000] "GET /registrati HTTP/1.1" 304 -
::1 - - [12/Aug/2019:10:41:50 +0000] "GET /stylesheets/css/bootstrap.min.css HTTP/1.1" 304 -
::1 - - [12/Aug/2019:10:41:50 +0000] "GET /stylesheets/style.css HTTP/1.1" 304 -
::1 - - [12/Aug/2019:10:41:50 +0000] "GET /javascripts/registrazione.js HTTP/1.1" 304 -
::1 - - [12/Aug/2019:10:41:50 +0000] "GET /javascripts/js/bootstrap.js HTTP/1.1" 304 -
::1 - - [12/Aug/2019:10:41:51 +0000] "GET /images/favicon.ico HTTP/1.1" 200 1150
::1 - - [12/Aug/2019:10:41:55 +0000] "GET / HTTP/1.1" 304 -
::1 - - [12/Aug/2019:10:41:55 +0000] "GET /stylesheets/css/bootstrap.min.css HTTP/1.1" 304 -
::1 - - [12/Aug/2019:10:41:55 +0000] "GET /stylesheets/style.css HTTP/1.1" 304 -
::1 - - [12/Aug/2019:10:41:55 +0000] "GET /images/slides1.jpg HTTP/1.1" 304 -
::1 - - [12/Aug/2019:10:41:55 +0000] "GET /images/slides2.jpg HTTP/1.1" 304 -
::1 - - [12/Aug/2019:10:41:55 +0000] "GET /javascripts/js/bootstrap.js HTTP/1.1" 304 -
::1 - - [12/Aug/2019:10:41:55 +0000] "GET /javascripts/login.js HTTP/1.1" 304 -
::1 - - [12/Aug/2019:10:41:55 +0000] "GET /images/slides3.jpg HTTP/1.1" 304 -
::1 - - [12/Aug/2019:10:41:55 +0000] "GET /images/passdimenticata.jpg HTTP/1.1" 304 -
::1 - - [12/Aug/2019:10:42:02 +0000] "POST /login HTTP/1.1" 200 5
::1 - - [12/Aug/2019:10:42:02 +0000] "GET /home HTTP/1.1" 304 -
::1 - - [12/Aug/2019:10:42:02 +0000] "GET /stylesheets/css/bootstrap.min.css HTTP/1.1" 304 -
::1 - - [12/Aug/2019:10:42:02 +0000] "GET /stylesheets/style.css HTTP/1.1" 304 -
::1 - - [12/Aug/2019:10:42:02 +0000] "GET /stylesheets/schermata.css HTTP/1.1" 304 -
::1 - - [12/Aug/2019:10:42:02 +0000] "GET /javascripts/js/bootstrap.js HTTP/1.1" 304 -
::1 - - [12/Aug/2019:10:42:02 +0000] "GET /javascripts/home.js HTTP/1.1" 200 10364
::1 - - [12/Aug/2019:10:42:02 +0000] "GET /home/user_nickname HTTP/1.1" 304 -
::1 - - [12/Aug/2019:10:42:05 +0000] "GET /home/RicaricaConto HTTP/1.1" 200 2293
::1 - - [12/Aug/2019:10:42:05 +0000] "GET /home/stylesheets/css/bootstrap.min.css HTTP/1.1" 404 976
::1 - - [12/Aug/2019:10:42:05 +0000] "GET /stylesheets/style.css HTTP/1.1" 304 -
::1 - - [12/Aug/2019:10:42:05 +0000] "GET /stylesheets/schermata.css HTTP/1.1" 304 -
::1 - - [12/Aug/2019:10:42:05 +0000] "GET /javascripts/js/bootstrap.js HTTP/1.1" 304 -
::1 - - [12/Aug/2019:10:44:34 +0000] "GET /home/RicaricaConto HTTP/1.1" 200 3451
::1 - - [12/Aug/2019:10:44:34 +0000] "GET /stylesheets/style.css HTTP/1.1" 304 -
::1 - - [12/Aug/2019:10:44:34 +0000] "GET /stylesheets/schermata.css HTTP/1.1" 304 -
::1 - - [12/Aug/2019:10:44:34 +0000] "GET /home/stylesheets/css/bootstrap.min.css HTTP/1.1" 404 976
::1 - - [12/Aug/2019:10:44:34 +0000] "GET /javascripts/js/bootstrap.js HTTP/1.1" 304 -
::1 - - [12/Aug/2019:10:44:34 +0000] "GET /javascripts/home.js HTTP/1.1" 304 -
::1 - - [12/Aug/2019:10:44:34 +0000] "GET /home/user_nickname HTTP/1.1" 304 -
::1 - - [12/Aug/2019:10:44:41 +0000] "GET /home/RicaricaConto HTTP/1.1" 304 -
::1 - - [12/Aug/2019:10:44:41 +0000] "GET /home/stylesheets/css/bootstrap.min.css HTTP/1.1" 404 976
::1 - - [12/Aug/2019:10:44:41 +0000] "GET /stylesheets/style.css HTTP/1.1" 304 -
::1 - - [12/Aug/2019:10:44:41 +0000] "GET /stylesheets/schermata.css HTTP/1.1" 304 -
::1 - - [12/Aug/2019:10:44:41 +0000] "GET /javascripts/js/bootstrap.js HTTP/1.1" 304 -
::1 - - [12/Aug/2019:10:44:41 +0000] "GET /javascripts/home.js HTTP/1.1" 304 -
::1 - - [12/Aug/2019:10:44:41 +0000] "GET /home/user_nickname HTTP/1.1" 304 -
::1 - - [12/Aug/2019:10:44:42 +0000] "GET /home/RicaricaConto HTTP/1.1" 304 -
::1 - - [12/Aug/2019:10:44:42 +0000] "GET /stylesheets/style.css HTTP/1.1" 304 -
::1 - - [12/Aug/2019:10:44:42 +0000] "GET /home/stylesheets/css/bootstrap.min.css HTTP/1.1" 404 976
::1 - - [12/Aug/2019:10:44:42 +0000] "GET /stylesheets/schermata.css HTTP/1.1" 304 -
::1 - - [12/Aug/2019:10:44:42 +0000] "GET /javascripts/js/bootstrap.js HTTP/1.1" 304 -
::1 - - [12/Aug/2019:10:44:42 +0000] "GET /javascripts/home.js HTTP/1.1" 304 -
::1 - - [12/Aug/2019:10:44:42 +0000] "GET /home/user_nickname HTTP/1.1" 304 -
::1 - - [12/Aug/2019:10:44:43 +0000] "GET /home/RicaricaConto HTTP/1.1" 304 -
::1 - - [12/Aug/2019:10:44:43 +0000] "GET /stylesheets/style.css HTTP/1.1" 304 -
::1 - - [12/Aug/2019:10:44:43 +0000] "GET /stylesheets/schermata.css HTTP/1.1" 304 -
::1 - - [12/Aug/2019:10:44:43 +0000] "GET /home/stylesheets/css/bootstrap.min.css HTTP/1.1" 404 976
::1 - - [12/Aug/2019:10:44:43 +0000] "GET /javascripts/js/bootstrap.js HTTP/1.1" 304 -
::1 - - [12/Aug/2019:10:44:43 +0000] "GET /javascripts/home.js HTTP/1.1" 304 -
::1 - - [12/Aug/2019:10:44:43 +0000] "GET /home/user_nickname HTTP/1.1" 304 -
::1 - - [12/Aug/2019:10:44:46 +0000] "GET /home HTTP/1.1" 304 -
::1 - - [12/Aug/2019:10:44:46 +0000] "GET /stylesheets/css/bootstrap.min.css HTTP/1.1" 304 -
::1 - - [12/Aug/2019:10:44:46 +0000] "GET /stylesheets/style.css HTTP/1.1" 304 -
::1 - - [12/Aug/2019:10:44:46 +0000] "GET /stylesheets/schermata.css HTTP/1.1" 304 -
::1 - - [12/Aug/2019:10:44:46 +0000] "GET /javascripts/js/bootstrap.js HTTP/1.1" 304 -
::1 - - [12/Aug/2019:10:44:46 +0000] "GET /javascripts/home.js HTTP/1.1" 304 -
::1 - - [12/Aug/2019:10:44:46 +0000] "GET /home/user_nickname HTTP/1.1" 304 -
::1 - - [12/Aug/2019:10:44:46 +0000] "GET /images/favicon.ico HTTP/1.1" 200 1150
::1 - - [12/Aug/2019:10:44:47 +0000] "GET / HTTP/1.1" 302 54
::1 - - [12/Aug/2019:10:44:47 +0000] "GET /home HTTP/1.1" 304 -
::1 - - [12/Aug/2019:10:44:47 +0000] "GET /stylesheets/css/bootstrap.min.css HTTP/1.1" 304 -
::1 - - [12/Aug/2019:10:44:47 +0000] "GET /stylesheets/style.css HTTP/1.1" 304 -
::1 - - [12/Aug/2019:10:44:47 +0000] "GET /stylesheets/schermata.css HTTP/1.1" 304 -
::1 - - [12/Aug/2019:10:44:47 +0000] "GET /javascripts/js/bootstrap.js HTTP/1.1" 304 -
::1 - - [12/Aug/2019:10:44:47 +0000] "GET /javascripts/home.js HTTP/1.1" 304 -
::1 - - [12/Aug/2019:10:44:47 +0000] "GET /home/user_nickname HTTP/1.1" 304 -
::1 - - [12/Aug/2019:10:44:49 +0000] "GET /home HTTP/1.1" 304 -
::1 - - [12/Aug/2019:10:44:49 +0000] "GET /stylesheets/css/bootstrap.min.css HTTP/1.1" 304 -
::1 - - [12/Aug/2019:10:44:49 +0000] "GET /stylesheets/style.css HTTP/1.1" 304 -
::1 - - [12/Aug/2019:10:44:49 +0000] "GET /stylesheets/schermata.css HTTP/1.1" 304 -
::1 - - [12/Aug/2019:10:44:49 +0000] "GET /javascripts/js/bootstrap.js HTTP/1.1" 304 -
::1 - - [12/Aug/2019:10:44:49 +0000] "GET /javascripts/home.js HTTP/1.1" 304 -
::1 - - [12/Aug/2019:10:44:49 +0000] "GET /home/user_nickname HTTP/1.1" 304 -
::1 - - [12/Aug/2019:10:44:49 +0000] "GET /images/favicon.ico HTTP/1.1" 200 1150
::1 - - [12/Aug/2019:10:44:50 +0000] "GET /logout HTTP/1.1" 302 46
::1 - - [12/Aug/2019:10:44:50 +0000] "GET / HTTP/1.1" 200 6401
::1 - - [12/Aug/2019:10:44:50 +0000] "GET /stylesheets/css/bootstrap.min.css HTTP/1.1" 304 -
::1 - - [12/Aug/2019:10:44:50 +0000] "GET /stylesheets/style.css HTTP/1.1" 304 -
::1 - - [12/Aug/2019:10:44:50 +0000] "GET /images/slides1.jpg HTTP/1.1" 304 -
::1 - - [12/Aug/2019:10:44:50 +0000] "GET /images/slides2.jpg HTTP/1.1" 304 -
::1 - - [12/Aug/2019:10:44:50 +0000] "GET /javascripts/js/bootstrap.js HTTP/1.1" 304 -
::1 - - [12/Aug/2019:10:44:50 +0000] "GET /images/slides3.jpg HTTP/1.1" 304 -
::1 - - [12/Aug/2019:10:44:50 +0000] "GET /javascripts/login.js HTTP/1.1" 304 -
::1 - - [12/Aug/2019:10:44:50 +0000] "GET /images/passdimenticata.jpg HTTP/1.1" 304 -
::1 - - [12/Aug/2019:10:44:56 +0000] "POST /login HTTP/1.1" 200 5
::1 - - [12/Aug/2019:10:44:56 +0000] "GET /home HTTP/1.1" 304 -
::1 - - [12/Aug/2019:10:44:57 +0000] "GET /stylesheets/css/bootstrap.min.css HTTP/1.1" 304 -
::1 - - [12/Aug/2019:10:44:57 +0000] "GET /stylesheets/style.css HTTP/1.1" 304 -
::1 - - [12/Aug/2019:10:44:57 +0000] "GET /stylesheets/schermata.css HTTP/1.1" 304 -
::1 - - [12/Aug/2019:10:44:57 +0000] "GET /javascripts/js/bootstrap.js HTTP/1.1" 304 -
::1 - - [12/Aug/2019:10:44:57 +0000] "GET /javascripts/home.js HTTP/1.1" 304 -
::1 - - [12/Aug/2019:10:44:57 +0000] "GET /home/user_nickname HTTP/1.1" 304 -
::1 - - [12/Aug/2019:10:45:01 +0000] "GET /home/RicaricaConto HTTP/1.1" 304 -
::1 - - [12/Aug/2019:10:45:01 +0000] "GET /stylesheets/style.css HTTP/1.1" 304 -
::1 - - [12/Aug/2019:10:45:01 +0000] "GET /stylesheets/schermata.css HTTP/1.1" 304 -
::1 - - [12/Aug/2019:10:45:01 +0000] "GET /javascripts/js/bootstrap.js HTTP/1.1" 304 -
::1 - - [12/Aug/2019:10:45:01 +0000] "GET /javascripts/home.js HTTP/1.1" 304 -
::1 - - [12/Aug/2019:10:45:01 +0000] "GET /home/stylesheets/css/bootstrap.min.css HTTP/1.1" 404 976
::1 - - [12/Aug/2019:10:45:02 +0000] "GET /home/user_nickname HTTP/1.1" 304 -
::1 - - [12/Aug/2019:10:45:52 +0000] "GET /home/RicaricaConto HTTP/1.1" 200 2147
::1 - - [12/Aug/2019:10:45:53 +0000] "GET /home/stylesheets/css/bootstrap.min.css HTTP/1.1" 404 976
::1 - - [12/Aug/2019:10:45:53 +0000] "GET /stylesheets/style.css HTTP/1.1" 304 -
::1 - - [12/Aug/2019:10:45:53 +0000] "GET /stylesheets/schermata.css HTTP/1.1" 304 -
::1 - - [12/Aug/2019:10:45:53 +0000] "GET /javascripts/js/bootstrap.js HTTP/1.1" 304 -
::1 - - [12/Aug/2019:10:45:53 +0000] "GET /javascripts/home.js HTTP/1.1" 304 -
::1 - - [12/Aug/2019:10:45:53 +0000] "GET /home/user_nickname HTTP/1.1" 304 -
::1 - - [12/Aug/2019:10:48:47 +0000] "GET /home/RicaricaConto HTTP/1.1" 302 46
::1 - - [12/Aug/2019:10:48:47 +0000] "GET / HTTP/1.1" 304 -
::1 - - [12/Aug/2019:10:48:47 +0000] "GET /stylesheets/css/bootstrap.min.css HTTP/1.1" 304 -
::ffff:127.0.0.1 - - [12/Aug/2019:10:48:47 +0000] "GET /stylesheets/style.css HTTP/1.1" 304 -
::1 - - [12/Aug/2019:10:48:47 +0000] "GET /images/slides2.jpg HTTP/1.1" 304 -
::1 - - [12/Aug/2019:10:48:47 +0000] "GET /images/slides1.jpg HTTP/1.1" 304 -
::1 - - [12/Aug/2019:10:48:47 +0000] "GET /javascripts/js/bootstrap.js HTTP/1.1" 304 -
::ffff:127.0.0.1 - - [12/Aug/2019:10:48:47 +0000] "GET /javascripts/login.js HTTP/1.1" 304 -
::1 - - [12/Aug/2019:10:48:47 +0000] "GET /images/slides3.jpg HTTP/1.1" 304 -
::1 - - [12/Aug/2019:10:48:47 +0000] "GET /images/passdimenticata.jpg HTTP/1.1" 304 -
::1 - - [12/Aug/2019:10:48:54 +0000] "POST /login HTTP/1.1" 200 5
::1 - - [12/Aug/2019:10:48:54 +0000] "GET /home HTTP/1.1" 304 -
::1 - - [12/Aug/2019:10:48:54 +0000] "GET /stylesheets/css/bootstrap.min.css HTTP/1.1" 304 -
::1 - - [12/Aug/2019:10:48:54 +0000] "GET /stylesheets/style.css HTTP/1.1" 304 -
::1 - - [12/Aug/2019:10:48:54 +0000] "GET /stylesheets/schermata.css HTTP/1.1" 304 -
::1 - - [12/Aug/2019:10:48:54 +0000] "GET /javascripts/js/bootstrap.js HTTP/1.1" 304 -
::1 - - [12/Aug/2019:10:48:54 +0000] "GET /javascripts/home.js HTTP/1.1" 304 -
::1 - - [12/Aug/2019:10:48:54 +0000] "GET /home/user_nickname HTTP/1.1" 304 -
::1 - - [12/Aug/2019:10:48:56 +0000] "GET /home/RicaricaConto HTTP/1.1" 200 2140
::1 - - [12/Aug/2019:10:48:56 +0000] "GET /home/stylesheets/css/bootstrap.min.css HTTP/1.1" 404 976
::1 - - [12/Aug/2019:10:48:56 +0000] "GET /stylesheets/style.css HTTP/1.1" 304 -
::1 - - [12/Aug/2019:10:48:56 +0000] "GET /stylesheets/schermata.css HTTP/1.1" 304 -
::1 - - [12/Aug/2019:10:48:56 +0000] "GET /javascripts/js/bootstrap.js HTTP/1.1" 304 -
::1 - - [12/Aug/2019:10:48:56 +0000] "GET /javascripts/home.js HTTP/1.1" 304 -
::1 - - [12/Aug/2019:10:48:56 +0000] "GET /home/user_nickname HTTP/1.1" 304 -
::1 - - [12/Aug/2019:10:49:09 +0000] "GET /home/stylesheets/css/bootstrap.min.css HTTP/1.1" 404 976
::1 - - [12/Aug/2019:10:49:09 +0000] "GET /stylesheets/style.css HTTP/1.1" 304 -
::1 - - [12/Aug/2019:10:49:09 +0000] "GET /stylesheets/schermata.css HTTP/1.1" 304 -
::1 - - [12/Aug/2019:10:49:09 +0000] "GET /javascripts/js/bootstrap.js.map HTTP/1.1" 304 -
::1 - - [12/Aug/2019:10:50:39 +0000] "GET /home/RicaricaConto HTTP/1.1" 200 2141
::1 - - [12/Aug/2019:10:50:39 +0000] "GET /stylesheets/css/bootstrap.min.css HTTP/1.1" 304 -
::1 - - [12/Aug/2019:10:50:39 +0000] "GET /stylesheets/style.css HTTP/1.1" 304 -
::1 - - [12/Aug/2019:10:50:39 +0000] "GET /stylesheets/schermata.css HTTP/1.1" 304 -
::1 - - [12/Aug/2019:10:50:39 +0000] "GET /javascripts/js/bootstrap.js HTTP/1.1" 304 -
::1 - - [12/Aug/2019:10:50:39 +0000] "GET /javascripts/home.js HTTP/1.1" 304 -
::1 - - [12/Aug/2019:10:50:40 +0000] "GET /javascripts/js/bootstrap.js.map HTTP/1.1" 304 -
::1 - - [12/Aug/2019:10:50:40 +0000] "GET /stylesheets/css/bootstrap.min.css.map HTTP/1.1" 304 -
::1 - - [12/Aug/2019:10:50:40 +0000] "GET /home/user_nickname HTTP/1.1" 304 -
::1 - - [12/Aug/2019:10:51:12 +0000] "GET /home/RicaricaConto HTTP/1.1" 200 3452
::1 - - [12/Aug/2019:10:51:12 +0000] "GET /stylesheets/css/bootstrap.min.css HTTP/1.1" 304 -
::1 - - [12/Aug/2019:10:51:12 +0000] "GET /stylesheets/schermata.css HTTP/1.1" 304 -
::1 - - [12/Aug/2019:10:51:12 +0000] "GET /stylesheets/style.css HTTP/1.1" 304 -
::1 - - [12/Aug/2019:10:51:12 +0000] "GET /javascripts/js/bootstrap.js HTTP/1.1" 304 -
::1 - - [12/Aug/2019:10:51:12 +0000] "GET /javascripts/home.js HTTP/1.1" 304 -
::1 - - [12/Aug/2019:10:51:12 +0000] "GET /javascripts/js/bootstrap.js.map HTTP/1.1" 304 -
::1 - - [12/Aug/2019:10:51:12 +0000] "GET /home/user_nickname HTTP/1.1" 304 -
::1 - - [12/Aug/2019:10:51:13 +0000] "GET /stylesheets/css/bootstrap.min.css.map HTTP/1.1" 304 -
::1 - - [12/Aug/2019:10:52:34 +0000] "GET /home/RicaricaConto HTTP/1.1" 200 3232
::1 - - [12/Aug/2019:10:52:34 +0000] "GET /stylesheets/css/bootstrap.min.css HTTP/1.1" 304 -
::1 - - [12/Aug/2019:10:52:34 +0000] "GET /stylesheets/style.css HTTP/1.1" 304 -
::1 - - [12/Aug/2019:10:52:34 +0000] "GET /stylesheets/schermata.css HTTP/1.1" 304 -
::1 - - [12/Aug/2019:10:52:34 +0000] "GET /javascripts/js/bootstrap.js HTTP/1.1" 304 -
::1 - - [12/Aug/2019:10:52:34 +0000] "GET /javascripts/home.js HTTP/1.1" 304 -
::1 - - [12/Aug/2019:10:52:34 +0000] "GET /javascripts/js/bootstrap.js.map HTTP/1.1" 304 -
::1 - - [12/Aug/2019:10:52:34 +0000] "GET /stylesheets/css/bootstrap.min.css.map HTTP/1.1" 304 -
::1 - - [12/Aug/2019:10:52:34 +0000] "GET /home/user_nickname HTTP/1.1" 304 -
::1 - - [12/Aug/2019:10:52:43 +0000] "GET /home/RicaricaConto HTTP/1.1" 200 3232
::1 - - [12/Aug/2019:10:52:43 +0000] "GET /stylesheets/css/bootstrap.min.css HTTP/1.1" 304 -
::1 - - [12/Aug/2019:10:52:43 +0000] "GET /stylesheets/style.css HTTP/1.1" 304 -
::1 - - [12/Aug/2019:10:52:43 +0000] "GET /stylesheets/schermata.css HTTP/1.1" 304 -
::1 - - [12/Aug/2019:10:52:43 +0000] "GET /javascripts/js/bootstrap.js HTTP/1.1" 304 -
::1 - - [12/Aug/2019:10:52:43 +0000] "GET /javascripts/home.js HTTP/1.1" 304 -
::1 - - [12/Aug/2019:10:52:43 +0000] "GET /stylesheets/css/bootstrap.min.css.map HTTP/1.1" 304 -
::1 - - [12/Aug/2019:10:52:43 +0000] "GET /javascripts/js/bootstrap.js.map HTTP/1.1" 304 -
::1 - - [12/Aug/2019:10:52:44 +0000] "GET /home/user_nickname HTTP/1.1" 304 -
::1 - - [12/Aug/2019:10:52:53 +0000] "GET /home/RicaricaConto HTTP/1.1" 200 3255
::1 - - [12/Aug/2019:10:52:54 +0000] "GET /stylesheets/css/bootstrap.min.css HTTP/1.1" 304 -
::1 - - [12/Aug/2019:10:52:54 +0000] "GET /stylesheets/style.css HTTP/1.1" 304 -
::1 - - [12/Aug/2019:10:52:54 +0000] "GET /stylesheets/schermata.css HTTP/1.1" 304 -
::1 - - [12/Aug/2019:10:52:54 +0000] "GET /javascripts/js/bootstrap.js HTTP/1.1" 304 -
::1 - - [12/Aug/2019:10:52:54 +0000] "GET /javascripts/home.js HTTP/1.1" 304 -
::1 - - [12/Aug/2019:10:52:54 +0000] "GET /stylesheets/css/bootstrap.min.css.map HTTP/1.1" 304 -
::1 - - [12/Aug/2019:10:52:54 +0000] "GET /javascripts/js/bootstrap.js.map HTTP/1.1" 304 -
::1 - - [12/Aug/2019:10:52:54 +0000] "GET /home/user_nickname HTTP/1.1" 304 -
::1 - - [12/Aug/2019:10:53:31 +0000] "GET /home/RicaricaConto HTTP/1.1" 200 3265
::1 - - [12/Aug/2019:10:53:31 +0000] "GET /stylesheets/css/bootstrap.min.css HTTP/1.1" 304 -
::1 - - [12/Aug/2019:10:53:31 +0000] "GET /stylesheets/style.css HTTP/1.1" 304 -
::1 - - [12/Aug/2019:10:53:31 +0000] "GET /stylesheets/schermata.css HTTP/1.1" 304 -
::1 - - [12/Aug/2019:10:53:31 +0000] "GET /javascripts/js/bootstrap.js HTTP/1.1" 304 -
::1 - - [12/Aug/2019:10:53:31 +0000] "GET /javascripts/home.js HTTP/1.1" 304 -
::1 - - [12/Aug/2019:10:53:31 +0000] "GET /javascripts/js/bootstrap.js.map HTTP/1.1" 304 -
::1 - - [12/Aug/2019:10:53:31 +0000] "GET /stylesheets/css/bootstrap.min.css.map HTTP/1.1" 304 -
::1 - - [12/Aug/2019:10:53:31 +0000] "GET /home/user_nickname HTTP/1.1" 304 -
::1 - - [12/Aug/2019:10:53:58 +0000] "GET /home/RicaricaConto HTTP/1.1" 200 3254
::1 - - [12/Aug/2019:10:53:58 +0000] "GET /stylesheets/css/bootstrap.min.css HTTP/1.1" 304 -
::1 - - [12/Aug/2019:10:53:58 +0000] "GET /stylesheets/style.css HTTP/1.1" 304 -
::1 - - [12/Aug/2019:10:53:58 +0000] "GET /stylesheets/schermata.css HTTP/1.1" 304 -
::1 - - [12/Aug/2019:10:53:58 +0000] "GET /javascripts/js/bootstrap.js HTTP/1.1" 304 -
::1 - - [12/Aug/2019:10:53:58 +0000] "GET /javascripts/home.js HTTP/1.1" 304 -
::1 - - [12/Aug/2019:10:53:58 +0000] "GET /javascripts/js/bootstrap.js.map HTTP/1.1" 304 -
::1 - - [12/Aug/2019:10:53:58 +0000] "GET /stylesheets/css/bootstrap.min.css.map HTTP/1.1" 304 -
::1 - - [12/Aug/2019:10:53:58 +0000] "GET /home/user_nickname HTTP/1.1" 304 -
::1 - - [12/Aug/2019:10:54:30 +0000] "GET /home/RicaricaConto HTTP/1.1" 200 3244
::1 - - [12/Aug/2019:10:54:30 +0000] "GET /stylesheets/css/bootstrap.min.css HTTP/1.1" 304 -
::1 - - [12/Aug/2019:10:54:30 +0000] "GET /stylesheets/style.css HTTP/1.1" 304 -
::1 - - [12/Aug/2019:10:54:30 +0000] "GET /stylesheets/schermata.css HTTP/1.1" 304 -
::1 - - [12/Aug/2019:10:54:30 +0000] "GET /javascripts/js/bootstrap.js HTTP/1.1" 304 -
::1 - - [12/Aug/2019:10:54:30 +0000] "GET /javascripts/home.js HTTP/1.1" 304 -
::1 - - [12/Aug/2019:10:54:31 +0000] "GET /javascripts/js/bootstrap.js.map HTTP/1.1" 304 -
::1 - - [12/Aug/2019:10:54:31 +0000] "GET /stylesheets/css/bootstrap.min.css.map HTTP/1.1" 304 -
::1 - - [12/Aug/2019:10:54:31 +0000] "GET /home/user_nickname HTTP/1.1" 304 -
::1 - - [12/Aug/2019:10:54:33 +0000] "GET /home/RicaricaConto HTTP/1.1" 304 -
::1 - - [12/Aug/2019:10:54:33 +0000] "GET /stylesheets/css/bootstrap.min.css HTTP/1.1" 304 -
::1 - - [12/Aug/2019:10:54:33 +0000] "GET /stylesheets/style.css HTTP/1.1" 304 -
::1 - - [12/Aug/2019:10:54:33 +0000] "GET /stylesheets/schermata.css HTTP/1.1" 304 -
::1 - - [12/Aug/2019:10:54:33 +0000] "GET /javascripts/js/bootstrap.js HTTP/1.1" 304 -
::1 - - [12/Aug/2019:10:54:33 +0000] "GET /javascripts/home.js HTTP/1.1" 304 -
::1 - - [12/Aug/2019:10:54:33 +0000] "GET /javascripts/js/bootstrap.js.map HTTP/1.1" 304 -
::1 - - [12/Aug/2019:10:54:33 +0000] "GET /stylesheets/css/bootstrap.min.css.map HTTP/1.1" 304 -
::1 - - [12/Aug/2019:10:54:33 +0000] "GET /home/user_nickname HTTP/1.1" 304 -
::1 - - [12/Aug/2019:10:54:58 +0000] "GET /home/RicaricaConto HTTP/1.1" 200 3241
::1 - - [12/Aug/2019:10:54:58 +0000] "GET /stylesheets/css/bootstrap.min.css HTTP/1.1" 304 -
::1 - - [12/Aug/2019:10:54:58 +0000] "GET /stylesheets/style.css HTTP/1.1" 304 -
::1 - - [12/Aug/2019:10:54:58 +0000] "GET /stylesheets/schermata.css HTTP/1.1" 304 -
::1 - - [12/Aug/2019:10:54:58 +0000] "GET /javascripts/js/bootstrap.js HTTP/1.1" 304 -
::1 - - [12/Aug/2019:10:54:58 +0000] "GET /javascripts/home.js HTTP/1.1" 304 -
::1 - - [12/Aug/2019:10:54:59 +0000] "GET /javascripts/js/bootstrap.js.map HTTP/1.1" 304 -
::1 - - [12/Aug/2019:10:54:59 +0000] "GET /stylesheets/css/bootstrap.min.css.map HTTP/1.1" 304 -
::1 - - [12/Aug/2019:10:54:59 +0000] "GET /home/user_nickname HTTP/1.1" 304 -
::1 - - [12/Aug/2019:10:55:09 +0000] "GET /home/RicaricaConto HTTP/1.1" 200 3244
::1 - - [12/Aug/2019:10:55:09 +0000] "GET /stylesheets/css/bootstrap.min.css HTTP/1.1" 304 -
::1 - - [12/Aug/2019:10:55:09 +0000] "GET /stylesheets/style.css HTTP/1.1" 304 -
::1 - - [12/Aug/2019:10:55:09 +0000] "GET /stylesheets/schermata.css HTTP/1.1" 304 -
::1 - - [12/Aug/2019:10:55:09 +0000] "GET /javascripts/js/bootstrap.js HTTP/1.1" 304 -
::1 - - [12/Aug/2019:10:55:09 +0000] "GET /javascripts/home.js HTTP/1.1" 304 -
::1 - - [12/Aug/2019:10:55:09 +0000] "GET /javascripts/js/bootstrap.js.map HTTP/1.1" 304 -
::1 - - [12/Aug/2019:10:55:09 +0000] "GET /stylesheets/css/bootstrap.min.css.map HTTP/1.1" 304 -
::1 - - [12/Aug/2019:10:55:09 +0000] "GET /home/user_nickname HTTP/1.1" 304 -
::1 - - [12/Aug/2019:10:55:54 +0000] "GET /home/RicaricaConto HTTP/1.1" 200 3244
::1 - - [12/Aug/2019:10:55:54 +0000] "GET /stylesheets/css/bootstrap.min.css HTTP/1.1" 304 -
::1 - - [12/Aug/2019:10:55:54 +0000] "GET /stylesheets/style.css HTTP/1.1" 304 -
::1 - - [12/Aug/2019:10:55:54 +0000] "GET /stylesheets/schermata.css HTTP/1.1" 304 -
::1 - - [12/Aug/2019:10:55:54 +0000] "GET /javascripts/js/bootstrap.js HTTP/1.1" 304 -
::1 - - [12/Aug/2019:10:55:54 +0000] "GET /javascripts/home.js HTTP/1.1" 304 -
::1 - - [12/Aug/2019:10:55:55 +0000] "GET /javascripts/js/bootstrap.js.map HTTP/1.1" 304 -
::1 - - [12/Aug/2019:10:55:55 +0000] "GET /stylesheets/css/bootstrap.min.css.map HTTP/1.1" 304 -
::1 - - [12/Aug/2019:10:55:55 +0000] "GET /home/user_nickname HTTP/1.1" 304 -
::1 - - [12/Aug/2019:10:56:28 +0000] "GET /stylesheets/css/bootstrap.min.css.map HTTP/1.1" 304 -
::1 - - [12/Aug/2019:10:56:29 +0000] "GET /javascripts/js/bootstrap.js.map HTTP/1.1" 304 -
::1 - - [12/Aug/2019:12:26:36 +0000] "GET /home HTTP/1.1" 302 46
::1 - - [12/Aug/2019:12:26:36 +0000] "GET / HTTP/1.1" 304 -
::1 - - [12/Aug/2019:12:26:36 +0000] "GET /stylesheets/css/bootstrap.min.css HTTP/1.1" 304 -
::1 - - [12/Aug/2019:12:26:36 +0000] "GET /stylesheets/style.css HTTP/1.1" 304 -
::1 - - [12/Aug/2019:12:26:36 +0000] "GET /images/slides1.jpg HTTP/1.1" 304 -
::1 - - [12/Aug/2019:12:26:36 +0000] "GET /images/slides2.jpg HTTP/1.1" 304 -
::1 - - [12/Aug/2019:12:26:36 +0000] "GET /javascripts/js/bootstrap.js HTTP/1.1" 304 -
::1 - - [12/Aug/2019:12:26:36 +0000] "GET /javascripts/login.js HTTP/1.1" 304 -
::1 - - [12/Aug/2019:12:26:36 +0000] "GET /images/slides3.jpg HTTP/1.1" 304 -
::1 - - [12/Aug/2019:12:26:36 +0000] "GET /images/passdimenticata.jpg HTTP/1.1" 304 -
::1 - - [12/Aug/2019:12:26:37 +0000] "GET /images/favicon.ico HTTP/1.1" 304 -
::1 - - [12/Aug/2019:12:26:44 +0000] "POST /login HTTP/1.1" 200 5
::1 - - [12/Aug/2019:12:26:44 +0000] "GET /home HTTP/1.1" 200 16617
::1 - - [12/Aug/2019:12:26:44 +0000] "GET /stylesheets/css/bootstrap.min.css HTTP/1.1" 304 -
::1 - - [12/Aug/2019:12:26:44 +0000] "GET /stylesheets/style.css HTTP/1.1" 304 -
::1 - - [12/Aug/2019:12:26:44 +0000] "GET /stylesheets/schermata.css HTTP/1.1" 304 -
::1 - - [12/Aug/2019:12:26:44 +0000] "GET /javascripts/js/bootstrap.js HTTP/1.1" 304 -
::1 - - [12/Aug/2019:12:26:44 +0000] "GET /javascripts/home.js HTTP/1.1" 304 -
::1 - - [12/Aug/2019:12:26:44 +0000] "GET /home/user_nickname HTTP/1.1" 304 -
::1 - - [12/Aug/2019:12:26:47 +0000] "GET /home/RicaricaConto HTTP/1.1" 500 2516
::1 - - [12/Aug/2019:12:26:47 +0000] "GET /favicon.ico HTTP/1.1" 404 976
::1 - - [12/Aug/2019:12:27:32 +0000] "GET /home/RicaricaConto HTTP/1.1" 500 2516
::1 - - [12/Aug/2019:12:27:33 +0000] "GET /home/RicaricaConto HTTP/1.1" 500 2516
::1 - - [12/Aug/2019:12:28:21 +0000] "GET /home/RicaricaConto HTTP/1.1" 302 46
::1 - - [12/Aug/2019:12:28:21 +0000] "GET / HTTP/1.1" 304 -
::1 - - [12/Aug/2019:12:28:21 +0000] "GET /stylesheets/css/bootstrap.min.css HTTP/1.1" 304 -
::1 - - [12/Aug/2019:12:28:21 +0000] "GET /stylesheets/style.css HTTP/1.1" 304 -
::1 - - [12/Aug/2019:12:28:21 +0000] "GET /images/slides1.jpg HTTP/1.1" 304 -
::1 - - [12/Aug/2019:12:28:21 +0000] "GET /images/slides2.jpg HTTP/1.1" 304 -
::1 - - [12/Aug/2019:12:28:21 +0000] "GET /javascripts/js/bootstrap.js HTTP/1.1" 304 -
::1 - - [12/Aug/2019:12:28:21 +0000] "GET /javascripts/login.js HTTP/1.1" 304 -
::1 - - [12/Aug/2019:12:28:21 +0000] "GET /images/slides3.jpg HTTP/1.1" 304 -
::1 - - [12/Aug/2019:12:28:21 +0000] "GET /images/passdimenticata.jpg HTTP/1.1" 304 -
::1 - - [12/Aug/2019:12:28:21 +0000] "GET /stylesheets/css/bootstrap.min.css.map HTTP/1.1" 304 -
::1 - - [12/Aug/2019:12:28:21 +0000] "GET /javascripts/js/bootstrap.js.map HTTP/1.1" 304 -
::1 - - [12/Aug/2019:12:28:27 +0000] "POST /login HTTP/1.1" 200 5
::1 - - [12/Aug/2019:12:28:27 +0000] "GET /home HTTP/1.1" 304 -
::1 - - [12/Aug/2019:12:28:27 +0000] "GET /stylesheets/css/bootstrap.min.css HTTP/1.1" 304 -
::1 - - [12/Aug/2019:12:28:27 +0000] "GET /stylesheets/style.css HTTP/1.1" 304 -
::1 - - [12/Aug/2019:12:28:27 +0000] "GET /javascripts/js/bootstrap.js HTTP/1.1" 304 -
::1 - - [12/Aug/2019:12:28:27 +0000] "GET /stylesheets/schermata.css HTTP/1.1" 304 -
::1 - - [12/Aug/2019:12:28:27 +0000] "GET /javascripts/home.js HTTP/1.1" 304 -
::1 - - [12/Aug/2019:12:28:28 +0000] "GET /stylesheets/css/bootstrap.min.css.map HTTP/1.1" 304 -
::1 - - [12/Aug/2019:12:28:28 +0000] "GET /javascripts/js/bootstrap.js.map HTTP/1.1" 304 -
::1 - - [12/Aug/2019:12:28:28 +0000] "GET /home/user_nickname HTTP/1.1" 304 -
::1 - - [12/Aug/2019:12:28:29 +0000] "GET /home/RicaricaConto HTTP/1.1" 500 2516
::1 - - [12/Aug/2019:12:31:01 +0000] "GET /home/RicaricaConto HTTP/1.1" 500 2516
::1 - - [12/Aug/2019:12:31:01 +0000] "GET /home/RicaricaConto HTTP/1.1" 500 2516
::1 - - [12/Aug/2019:12:31:02 +0000] "GET /home/RicaricaConto HTTP/1.1" 500 2516
::1 - - [12/Aug/2019:12:32:25 +0000] "GET /home/RicaricaConto HTTP/1.1" 500 2516
::1 - - [12/Aug/2019:12:32:26 +0000] "GET /home/RicaricaConto HTTP/1.1" 500 2516
::1 - - [12/Aug/2019:12:34:50 +0000] "GET /home/RicaricaConto HTTP/1.1" 500 2516
::1 - - [12/Aug/2019:12:37:26 +0000] "GET /home/RicaricaConto HTTP/1.1" 302 46
::1 - - [12/Aug/2019:12:37:26 +0000] "GET / HTTP/1.1" 304 -
::1 - - [12/Aug/2019:12:37:26 +0000] "GET /stylesheets/css/bootstrap.min.css HTTP/1.1" 304 -
::1 - - [12/Aug/2019:12:37:26 +0000] "GET /stylesheets/style.css HTTP/1.1" 304 -
::1 - - [12/Aug/2019:12:37:26 +0000] "GET /images/slides1.jpg HTTP/1.1" 304 -
::1 - - [12/Aug/2019:12:37:26 +0000] "GET /images/slides2.jpg HTTP/1.1" 304 -
::1 - - [12/Aug/2019:12:37:26 +0000] "GET /javascripts/js/bootstrap.js HTTP/1.1" 304 -
::1 - - [12/Aug/2019:12:37:26 +0000] "GET /javascripts/login.js HTTP/1.1" 304 -
::1 - - [12/Aug/2019:12:37:26 +0000] "GET /images/slides3.jpg HTTP/1.1" 304 -
::1 - - [12/Aug/2019:12:37:26 +0000] "GET /images/passdimenticata.jpg HTTP/1.1" 304 -
::1 - - [12/Aug/2019:12:37:26 +0000] "GET /stylesheets/css/bootstrap.min.css.map HTTP/1.1" 304 -
::1 - - [12/Aug/2019:12:37:27 +0000] "GET /javascripts/js/bootstrap.js.map HTTP/1.1" 304 -
::1 - - [12/Aug/2019:12:37:34 +0000] "POST /login HTTP/1.1" 200 5
::1 - - [12/Aug/2019:12:37:35 +0000] "GET /home HTTP/1.1" 304 -
::1 - - [12/Aug/2019:12:37:35 +0000] "GET /stylesheets/css/bootstrap.min.css HTTP/1.1" 304 -
::1 - - [12/Aug/2019:12:37:35 +0000] "GET /stylesheets/style.css HTTP/1.1" 304 -
::1 - - [12/Aug/2019:12:37:35 +0000] "GET /stylesheets/schermata.css HTTP/1.1" 304 -
::1 - - [12/Aug/2019:12:37:35 +0000] "GET /javascripts/js/bootstrap.js HTTP/1.1" 304 -
::1 - - [12/Aug/2019:12:37:35 +0000] "GET /javascripts/home.js HTTP/1.1" 304 -
::1 - - [12/Aug/2019:12:37:35 +0000] "GET /stylesheets/css/bootstrap.min.css.map HTTP/1.1" 304 -
::1 - - [12/Aug/2019:12:37:35 +0000] "GET /javascripts/js/bootstrap.js.map HTTP/1.1" 304 -
::1 - - [12/Aug/2019:12:37:35 +0000] "GET /home/user_nickname HTTP/1.1" 304 -
::1 - - [12/Aug/2019:12:37:36 +0000] "GET /home/RicaricaConto HTTP/1.1" 200 4197
::1 - - [12/Aug/2019:12:37:36 +0000] "GET /stylesheets/css/bootstrap.min.css HTTP/1.1" 304 -
::1 - - [12/Aug/2019:12:37:36 +0000] "GET /stylesheets/style.css HTTP/1.1" 304 -
::1 - - [12/Aug/2019:12:37:36 +0000] "GET /stylesheets/schermata.css HTTP/1.1" 304 -
::1 - - [12/Aug/2019:12:37:36 +0000] "GET /javascripts/js/bootstrap.js HTTP/1.1" 304 -
::1 - - [12/Aug/2019:12:37:36 +0000] "GET /javascripts/home.js HTTP/1.1" 304 -
::1 - - [12/Aug/2019:12:37:37 +0000] "GET /stylesheets/css/bootstrap.min.css.map HTTP/1.1" 304 -
::1 - - [12/Aug/2019:12:37:37 +0000] "GET /javascripts/js/bootstrap.js.map HTTP/1.1" 304 -
::1 - - [12/Aug/2019:12:37:37 +0000] "GET /home/user_nickname HTTP/1.1" 304 -
::1 - - [12/Aug/2019:12:37:37 +0000] "GET /home/images/favicon.ico HTTP/1.1" 404 976
::1 - - [12/Aug/2019:12:38:14 +0000] "GET /logout HTTP/1.1" 302 46
::1 - - [12/Aug/2019:12:38:14 +0000] "GET / HTTP/1.1" 304 -
::1 - - [12/Aug/2019:12:38:14 +0000] "GET /stylesheets/css/bootstrap.min.css HTTP/1.1" 304 -
::1 - - [12/Aug/2019:12:38:14 +0000] "GET /stylesheets/style.css HTTP/1.1" 304 -
::1 - - [12/Aug/2019:12:38:14 +0000] "GET /images/slides1.jpg HTTP/1.1" 304 -
::1 - - [12/Aug/2019:12:38:14 +0000] "GET /images/slides2.jpg HTTP/1.1" 304 -
::1 - - [12/Aug/2019:12:38:14 +0000] "GET /javascripts/js/bootstrap.js HTTP/1.1" 304 -
::1 - - [12/Aug/2019:12:38:14 +0000] "GET /javascripts/login.js HTTP/1.1" 304 -
::1 - - [12/Aug/2019:12:38:14 +0000] "GET /images/passdimenticata.jpg HTTP/1.1" 304 -
::1 - - [12/Aug/2019:12:38:14 +0000] "GET /images/slides3.jpg HTTP/1.1" 304 -
::1 - - [12/Aug/2019:12:38:14 +0000] "GET /javascripts/js/bootstrap.js.map HTTP/1.1" 304 -
::1 - - [12/Aug/2019:12:38:15 +0000] "GET /stylesheets/css/bootstrap.min.css.map HTTP/1.1" 304 -
::1 - - [12/Aug/2019:12:38:23 +0000] "POST /login HTTP/1.1" 200 5
::1 - - [12/Aug/2019:12:38:23 +0000] "GET /home HTTP/1.1" 200 16732
::1 - - [12/Aug/2019:12:38:23 +0000] "GET /stylesheets/css/bootstrap.min.css HTTP/1.1" 304 -
::1 - - [12/Aug/2019:12:38:23 +0000] "GET /stylesheets/style.css HTTP/1.1" 304 -
::1 - - [12/Aug/2019:12:38:23 +0000] "GET /stylesheets/schermata.css HTTP/1.1" 304 -
::1 - - [12/Aug/2019:12:38:23 +0000] "GET /javascripts/js/bootstrap.js HTTP/1.1" 304 -
::1 - - [12/Aug/2019:12:38:23 +0000] "GET /javascripts/home.js HTTP/1.1" 304 -
::1 - - [12/Aug/2019:12:38:23 +0000] "GET /stylesheets/css/bootstrap.min.css.map HTTP/1.1" 304 -
::1 - - [12/Aug/2019:12:38:23 +0000] "GET /javascripts/js/bootstrap.js.map HTTP/1.1" 304 -
::1 - - [12/Aug/2019:12:38:23 +0000] "GET /home/user_nickname HTTP/1.1" 200 7
::1 - - [12/Aug/2019:12:38:25 +0000] "GET /home/RicaricaConto HTTP/1.1" 200 4321
::1 - - [12/Aug/2019:12:38:25 +0000] "GET /stylesheets/css/bootstrap.min.css HTTP/1.1" 304 -
::1 - - [12/Aug/2019:12:38:25 +0000] "GET /stylesheets/style.css HTTP/1.1" 304 -
::1 - - [12/Aug/2019:12:38:25 +0000] "GET /stylesheets/schermata.css HTTP/1.1" 304 -
::1 - - [12/Aug/2019:12:38:25 +0000] "GET /javascripts/js/bootstrap.js HTTP/1.1" 304 -
::1 - - [12/Aug/2019:12:38:25 +0000] "GET /javascripts/home.js HTTP/1.1" 304 -
::1 - - [12/Aug/2019:12:38:25 +0000] "GET /javascripts/js/bootstrap.js.map HTTP/1.1" 304 -
::1 - - [12/Aug/2019:12:38:25 +0000] "GET /stylesheets/css/bootstrap.min.css.map HTTP/1.1" 304 -
::1 - - [12/Aug/2019:12:38:25 +0000] "GET /home/user_nickname HTTP/1.1" 304 -
::1 - - [12/Aug/2019:12:41:19 +0000] "GET / HTTP/1.1" 302 54
::1 - - [12/Aug/2019:12:41:19 +0000] "GET /home HTTP/1.1" 304 -
::1 - - [12/Aug/2019:12:41:19 +0000] "GET /stylesheets/css/bootstrap.min.css HTTP/1.1" 304 -
::1 - - [12/Aug/2019:12:41:19 +0000] "GET /stylesheets/style.css HTTP/1.1" 304 -
::1 - - [12/Aug/2019:12:41:19 +0000] "GET /stylesheets/schermata.css HTTP/1.1" 304 -
::1 - - [12/Aug/2019:12:41:19 +0000] "GET /javascripts/js/bootstrap.js HTTP/1.1" 304 -
::1 - - [12/Aug/2019:12:41:19 +0000] "GET /javascripts/home.js HTTP/1.1" 304 -
::1 - - [12/Aug/2019:12:41:19 +0000] "GET /javascripts/js/bootstrap.js.map HTTP/1.1" 304 -
::1 - - [12/Aug/2019:12:41:19 +0000] "GET /stylesheets/css/bootstrap.min.css.map HTTP/1.1" 304 -
::1 - - [12/Aug/2019:12:41:19 +0000] "GET /home/user_nickname HTTP/1.1" 304 -
::1 - - [12/Aug/2019:12:41:32 +0000] "GET /home/gestioneProfilo HTTP/1.1" 200 11342
::1 - - [12/Aug/2019:12:41:32 +0000] "GET /stylesheets/css/bootstrap.min.css HTTP/1.1" 304 -
::1 - - [12/Aug/2019:12:41:33 +0000] "GET /stylesheets/schermata.css HTTP/1.1" 304 -
::1 - - [12/Aug/2019:12:41:33 +0000] "GET /javascripts/js/bootstrap.js HTTP/1.1" 304 -
::1 - - [12/Aug/2019:12:41:33 +0000] "GET /stylesheets/style.css HTTP/1.1" 304 -
::1 - - [12/Aug/2019:12:41:33 +0000] "GET /javascripts/gestionedati.js HTTP/1.1" 200 15701
::1 - - [12/Aug/2019:12:41:33 +0000] "GET /stylesheets/css/bootstrap.min.css.map HTTP/1.1" 304 -
::1 - - [12/Aug/2019:12:41:33 +0000] "GET /javascripts/js/bootstrap.js.map HTTP/1.1" 304 -
::1 - - [12/Aug/2019:12:41:35 +0000] "GET /stylesheets/css/bootstrap.min.css.map HTTP/1.1" 304 -
::1 - - [12/Aug/2019:12:41:35 +0000] "GET /javascripts/js/bootstrap.js.map HTTP/1.1" 304 -
::1 - - [12/Aug/2019:12:41:36 +0000] "GET /home/RicaricaConto HTTP/1.1" 304 -
::1 - - [12/Aug/2019:12:41:36 +0000] "GET /stylesheets/css/bootstrap.min.css HTTP/1.1" 304 -
::1 - - [12/Aug/2019:12:41:36 +0000] "GET /stylesheets/style.css HTTP/1.1" 304 -
::1 - - [12/Aug/2019:12:41:36 +0000] "GET /stylesheets/schermata.css HTTP/1.1" 304 -
::1 - - [12/Aug/2019:12:41:36 +0000] "GET /javascripts/js/bootstrap.js HTTP/1.1" 304 -
::1 - - [12/Aug/2019:12:41:36 +0000] "GET /javascripts/home.js HTTP/1.1" 304 -
::1 - - [12/Aug/2019:12:41:36 +0000] "GET /javascripts/js/bootstrap.js.map HTTP/1.1" 304 -
::1 - - [12/Aug/2019:12:41:36 +0000] "GET /stylesheets/css/bootstrap.min.css.map HTTP/1.1" 304 -
::1 - - [12/Aug/2019:12:41:36 +0000] "GET /home/user_nickname HTTP/1.1" 304 -
::1 - - [12/Aug/2019:12:43:02 +0000] "GET /home/RicaricaConto HTTP/1.1" 200 4316
::1 - - [12/Aug/2019:12:43:02 +0000] "GET /stylesheets/css/bootstrap.min.css HTTP/1.1" 304 -
::1 - - [12/Aug/2019:12:43:02 +0000] "GET /stylesheets/style.css HTTP/1.1" 304 -
::1 - - [12/Aug/2019:12:43:02 +0000] "GET /stylesheets/schermata.css HTTP/1.1" 304 -
::1 - - [12/Aug/2019:12:43:02 +0000] "GET /javascripts/js/bootstrap.js HTTP/1.1" 304 -
::1 - - [12/Aug/2019:12:43:02 +0000] "GET /javascripts/home.js HTTP/1.1" 304 -
::1 - - [12/Aug/2019:12:43:02 +0000] "GET /stylesheets/css/bootstrap.min.css.map HTTP/1.1" 304 -
::1 - - [12/Aug/2019:12:43:02 +0000] "GET /javascripts/js/bootstrap.js.map HTTP/1.1" 304 -
::1 - - [12/Aug/2019:12:43:02 +0000] "GET /home/user_nickname HTTP/1.1" 304 -
::1 - - [12/Aug/2019:12:46:01 +0000] "GET /home/RicaricaConto HTTP/1.1" 200 4326
::1 - - [12/Aug/2019:12:46:01 +0000] "GET /stylesheets/css/bootstrap.min.css HTTP/1.1" 304 -
::1 - - [12/Aug/2019:12:46:01 +0000] "GET /stylesheets/style.css HTTP/1.1" 304 -
::1 - - [12/Aug/2019:12:46:01 +0000] "GET /stylesheets/schermata.css HTTP/1.1" 304 -
::1 - - [12/Aug/2019:12:46:01 +0000] "GET /javascripts/js/bootstrap.js HTTP/1.1" 304 -
::1 - - [12/Aug/2019:12:46:01 +0000] "GET /javascripts/home.js HTTP/1.1" 304 -
::1 - - [12/Aug/2019:12:46:01 +0000] "GET /home/user_nickname HTTP/1.1" 304 -
::1 - - [12/Aug/2019:12:47:00 +0000] "GET / HTTP/1.1" 302 54
::1 - - [12/Aug/2019:12:47:00 +0000] "GET /home HTTP/1.1" 304 -
::1 - - [12/Aug/2019:12:47:00 +0000] "GET /stylesheets/css/bootstrap.min.css HTTP/1.1" 304 -
::1 - - [12/Aug/2019:12:47:00 +0000] "GET /stylesheets/style.css HTTP/1.1" 304 -
::1 - - [12/Aug/2019:12:47:00 +0000] "GET /stylesheets/schermata.css HTTP/1.1" 304 -
::1 - - [12/Aug/2019:12:47:00 +0000] "GET /javascripts/js/bootstrap.js HTTP/1.1" 304 -
::1 - - [12/Aug/2019:12:47:00 +0000] "GET /javascripts/home.js HTTP/1.1" 304 -
::1 - - [12/Aug/2019:12:47:00 +0000] "GET /home/user_nickname HTTP/1.1" 304 -
::1 - - [12/Aug/2019:12:47:10 +0000] "GET /home/RicaricaConto HTTP/1.1" 304 -
::1 - - [12/Aug/2019:12:47:10 +0000] "GET /stylesheets/css/bootstrap.min.css HTTP/1.1" 304 -
::1 - - [12/Aug/2019:12:47:10 +0000] "GET /stylesheets/style.css HTTP/1.1" 304 -
::1 - - [12/Aug/2019:12:47:10 +0000] "GET /stylesheets/schermata.css HTTP/1.1" 304 -
::1 - - [12/Aug/2019:12:47:10 +0000] "GET /javascripts/js/bootstrap.js HTTP/1.1" 304 -
::1 - - [12/Aug/2019:12:47:10 +0000] "GET /javascripts/home.js HTTP/1.1" 304 -
::1 - - [12/Aug/2019:12:47:10 +0000] "GET /home/user_nickname HTTP/1.1" 304 -
::1 - - [12/Aug/2019:12:48:35 +0000] "GET /home/RicaricaConto HTTP/1.1" 200 4611
::1 - - [12/Aug/2019:12:48:35 +0000] "GET /stylesheets/css/bootstrap.min.css HTTP/1.1" 304 -
::1 - - [12/Aug/2019:12:48:35 +0000] "GET /stylesheets/style.css HTTP/1.1" 304 -
::1 - - [12/Aug/2019:12:48:35 +0000] "GET /stylesheets/schermata.css HTTP/1.1" 304 -
::1 - - [12/Aug/2019:12:48:35 +0000] "GET /javascripts/js/bootstrap.js HTTP/1.1" 304 -
::1 - - [12/Aug/2019:12:48:35 +0000] "GET /javascripts/home.js HTTP/1.1" 304 -
::1 - - [12/Aug/2019:12:48:35 +0000] "GET /home/user_nickname HTTP/1.1" 304 -
::1 - - [12/Aug/2019:12:48:47 +0000] "GET /home/RicaricaConto HTTP/1.1" 200 4621
::1 - - [12/Aug/2019:12:48:47 +0000] "GET /stylesheets/css/bootstrap.min.css HTTP/1.1" 304 -
::1 - - [12/Aug/2019:12:48:47 +0000] "GET /stylesheets/style.css HTTP/1.1" 304 -
::1 - - [12/Aug/2019:12:48:47 +0000] "GET /stylesheets/schermata.css HTTP/1.1" 304 -
::1 - - [12/Aug/2019:12:48:47 +0000] "GET /javascripts/js/bootstrap.js HTTP/1.1" 304 -
::1 - - [12/Aug/2019:12:48:47 +0000] "GET /javascripts/home.js HTTP/1.1" 304 -
::1 - - [12/Aug/2019:12:48:47 +0000] "GET /home/user_nickname HTTP/1.1" 304 -
::1 - - [12/Aug/2019:12:48:48 +0000] "GET /home/RicaricaConto HTTP/1.1" 304 -
::1 - - [12/Aug/2019:12:48:48 +0000] "GET /stylesheets/css/bootstrap.min.css HTTP/1.1" 304 -
::1 - - [12/Aug/2019:12:48:48 +0000] "GET /stylesheets/style.css HTTP/1.1" 304 -
::1 - - [12/Aug/2019:12:48:48 +0000] "GET /stylesheets/schermata.css HTTP/1.1" 304 -
::1 - - [12/Aug/2019:12:48:48 +0000] "GET /javascripts/js/bootstrap.js HTTP/1.1" 304 -
::1 - - [12/Aug/2019:12:48:48 +0000] "GET /javascripts/home.js HTTP/1.1" 304 -
::1 - - [12/Aug/2019:12:48:48 +0000] "GET /home/user_nickname HTTP/1.1" 304 -
::1 - - [12/Aug/2019:12:49:07 +0000] "GET /home/RicaricaConto HTTP/1.1" 200 4621
::1 - - [12/Aug/2019:12:49:07 +0000] "GET /stylesheets/css/bootstrap.min.css HTTP/1.1" 304 -
::1 - - [12/Aug/2019:12:49:07 +0000] "GET /stylesheets/schermata.css HTTP/1.1" 304 -
::1 - - [12/Aug/2019:12:49:07 +0000] "GET /javascripts/js/bootstrap.js HTTP/1.1" 304 -
::1 - - [12/Aug/2019:12:49:07 +0000] "GET /stylesheets/style.css HTTP/1.1" 304 -
::1 - - [12/Aug/2019:12:49:07 +0000] "GET /javascripts/home.js HTTP/1.1" 304 -
::1 - - [12/Aug/2019:12:49:07 +0000] "GET /home/user_nickname HTTP/1.1" 304 -
::1 - - [12/Aug/2019:12:49:45 +0000] "GET /home/RicaricaConto HTTP/1.1" 200 4697
::1 - - [12/Aug/2019:12:49:45 +0000] "GET /stylesheets/css/bootstrap.min.css HTTP/1.1" 304 -
::1 - - [12/Aug/2019:12:49:45 +0000] "GET /stylesheets/style.css HTTP/1.1" 304 -
::1 - - [12/Aug/2019:12:49:45 +0000] "GET /stylesheets/schermata.css HTTP/1.1" 304 -
::1 - - [12/Aug/2019:12:49:45 +0000] "GET /javascripts/js/bootstrap.js HTTP/1.1" 304 -
::1 - - [12/Aug/2019:12:49:45 +0000] "GET /javascripts/home.js HTTP/1.1" 304 -
::1 - - [12/Aug/2019:12:49:45 +0000] "GET /home/user_nickname HTTP/1.1" 304 -
::1 - - [12/Aug/2019:12:50:15 +0000] "GET /home/RicaricaConto HTTP/1.1" 200 4673
::1 - - [12/Aug/2019:12:50:15 +0000] "GET /stylesheets/css/bootstrap.min.css HTTP/1.1" 304 -
::1 - - [12/Aug/2019:12:50:15 +0000] "GET /stylesheets/style.css HTTP/1.1" 304 -
::1 - - [12/Aug/2019:12:50:15 +0000] "GET /stylesheets/schermata.css HTTP/1.1" 304 -
::1 - - [12/Aug/2019:12:50:15 +0000] "GET /javascripts/js/bootstrap.js HTTP/1.1" 304 -
::1 - - [12/Aug/2019:12:50:15 +0000] "GET /javascripts/home.js HTTP/1.1" 304 -
::1 - - [12/Aug/2019:12:50:15 +0000] "GET /home/user_nickname HTTP/1.1" 304 -
::1 - - [12/Aug/2019:12:51:12 +0000] "GET /home/RicaricaConto HTTP/1.1" 200 4683
::1 - - [12/Aug/2019:12:51:12 +0000] "GET /stylesheets/css/bootstrap.min.css HTTP/1.1" 304 -
::1 - - [12/Aug/2019:12:51:12 +0000] "GET /javascripts/js/bootstrap.js HTTP/1.1" 304 -
::1 - - [12/Aug/2019:12:51:12 +0000] "GET /javascripts/home.js HTTP/1.1" 304 -
::1 - - [12/Aug/2019:12:51:12 +0000] "GET /stylesheets/schermata.css HTTP/1.1" 304 -
::1 - - [12/Aug/2019:12:51:12 +0000] "GET /stylesheets/style.css HTTP/1.1" 304 -
::1 - - [12/Aug/2019:12:51:12 +0000] "GET /home/user_nickname HTTP/1.1" 304 -
::1 - - [12/Aug/2019:12:59:39 +0000] "GET /home/RicaricaConto HTTP/1.1" 302 46
::1 - - [12/Aug/2019:12:59:39 +0000] "GET / HTTP/1.1" 200 6401
::1 - - [12/Aug/2019:12:59:39 +0000] "GET /stylesheets/css/bootstrap.min.css HTTP/1.1" 304 -
::1 - - [12/Aug/2019:12:59:39 +0000] "GET /stylesheets/style.css HTTP/1.1" 304 -
::1 - - [12/Aug/2019:12:59:39 +0000] "GET /images/slides1.jpg HTTP/1.1" 304 -
::1 - - [12/Aug/2019:12:59:39 +0000] "GET /images/slides2.jpg HTTP/1.1" 304 -
::1 - - [12/Aug/2019:12:59:39 +0000] "GET /javascripts/js/bootstrap.js HTTP/1.1" 304 -
::1 - - [12/Aug/2019:12:59:39 +0000] "GET /javascripts/login.js HTTP/1.1" 304 -
::1 - - [12/Aug/2019:12:59:39 +0000] "GET /images/slides3.jpg HTTP/1.1" 304 -
::1 - - [12/Aug/2019:12:59:39 +0000] "GET /images/passdimenticata.jpg HTTP/1.1" 304 -
::1 - - [12/Aug/2019:12:59:45 +0000] "POST /login HTTP/1.1" 200 5
::1 - - [12/Aug/2019:12:59:45 +0000] "GET /home HTTP/1.1" 200 16617
::1 - - [12/Aug/2019:12:59:45 +0000] "GET /stylesheets/css/bootstrap.min.css HTTP/1.1" 304 -
::1 - - [12/Aug/2019:12:59:45 +0000] "GET /stylesheets/style.css HTTP/1.1" 304 -
::1 - - [12/Aug/2019:12:59:45 +0000] "GET /stylesheets/schermata.css HTTP/1.1" 304 -
::1 - - [12/Aug/2019:12:59:45 +0000] "GET /javascripts/js/bootstrap.js HTTP/1.1" 304 -
::1 - - [12/Aug/2019:12:59:45 +0000] "GET /javascripts/home.js HTTP/1.1" 304 -
::1 - - [12/Aug/2019:12:59:46 +0000] "GET /home/user_nickname HTTP/1.1" 200 6
::1 - - [12/Aug/2019:12:59:47 +0000] "GET /home/RicaricaConto HTTP/1.1" 200 4832
::1 - - [12/Aug/2019:12:59:47 +0000] "GET /stylesheets/css/bootstrap.min.css HTTP/1.1" 304 -
::1 - - [12/Aug/2019:12:59:47 +0000] "GET /stylesheets/style.css HTTP/1.1" 304 -
::1 - - [12/Aug/2019:12:59:47 +0000] "GET /stylesheets/schermata.css HTTP/1.1" 304 -
::1 - - [12/Aug/2019:12:59:47 +0000] "GET /javascripts/js/bootstrap.js HTTP/1.1" 304 -
::1 - - [12/Aug/2019:12:59:47 +0000] "GET /javascripts/home.js HTTP/1.1" 304 -
::1 - - [12/Aug/2019:12:59:48 +0000] "GET /home/user_nickname HTTP/1.1" 304 -
::1 - - [12/Aug/2019:13:00:54 +0000] "GET /home/RicaricaConto HTTP/1.1" 302 46
::1 - - [12/Aug/2019:13:00:54 +0000] "GET / HTTP/1.1" 304 -
::1 - - [12/Aug/2019:13:00:54 +0000] "GET /stylesheets/css/bootstrap.min.css HTTP/1.1" 304 -
::1 - - [12/Aug/2019:13:00:54 +0000] "GET /stylesheets/style.css HTTP/1.1" 304 -
::1 - - [12/Aug/2019:13:00:54 +0000] "GET /images/slides1.jpg HTTP/1.1" 304 -
::1 - - [12/Aug/2019:13:00:54 +0000] "GET /images/slides2.jpg HTTP/1.1" 304 -
::1 - - [12/Aug/2019:13:00:54 +0000] "GET /javascripts/js/bootstrap.js HTTP/1.1" 304 -
::1 - - [12/Aug/2019:13:00:54 +0000] "GET /javascripts/login.js HTTP/1.1" 304 -
::1 - - [12/Aug/2019:13:00:54 +0000] "GET /images/slides3.jpg HTTP/1.1" 304 -
::1 - - [12/Aug/2019:13:00:54 +0000] "GET /images/passdimenticata.jpg HTTP/1.1" 304 -
::1 - - [12/Aug/2019:13:01:05 +0000] "POST /login HTTP/1.1" 200 5
::1 - - [12/Aug/2019:13:01:05 +0000] "GET /home HTTP/1.1" 304 -
::1 - - [12/Aug/2019:13:01:05 +0000] "GET /stylesheets/css/bootstrap.min.css HTTP/1.1" 304 -
::1 - - [12/Aug/2019:13:01:05 +0000] "GET /javascripts/js/bootstrap.js HTTP/1.1" 304 -
::1 - - [12/Aug/2019:13:01:05 +0000] "GET /stylesheets/style.css HTTP/1.1" 304 -
::1 - - [12/Aug/2019:13:01:05 +0000] "GET /stylesheets/schermata.css HTTP/1.1" 304 -
::1 - - [12/Aug/2019:13:01:05 +0000] "GET /javascripts/home.js HTTP/1.1" 304 -
::1 - - [12/Aug/2019:13:01:05 +0000] "GET /home/user_nickname HTTP/1.1" 304 -
::1 - - [12/Aug/2019:13:01:08 +0000] "GET /home/RicaricaConto HTTP/1.1" 200 4832
::1 - - [12/Aug/2019:13:01:08 +0000] "GET /stylesheets/css/bootstrap.min.css HTTP/1.1" 304 -
::1 - - [12/Aug/2019:13:01:08 +0000] "GET /stylesheets/style.css HTTP/1.1" 304 -
::1 - - [12/Aug/2019:13:01:08 +0000] "GET /stylesheets/schermata.css HTTP/1.1" 304 -
::1 - - [12/Aug/2019:13:01:08 +0000] "GET /javascripts/home.js HTTP/1.1" 304 -
::1 - - [12/Aug/2019:13:01:08 +0000] "GET /javascripts/js/bootstrap.js HTTP/1.1" 304 -
::1 - - [12/Aug/2019:13:01:08 +0000] "GET /home/user_nickname HTTP/1.1" 304 -
::1 - - [12/Aug/2019:13:01:29 +0000] "POST /login HTTP/1.1" 200 5
::1 - - [12/Aug/2019:13:01:29 +0000] "GET /home HTTP/1.1" 200 16732
::1 - - [12/Aug/2019:13:01:29 +0000] "GET /stylesheets/css/bootstrap.min.css HTTP/1.1" 304 -
::1 - - [12/Aug/2019:13:01:29 +0000] "GET /javascripts/js/bootstrap.js HTTP/1.1" 304 -
::1 - - [12/Aug/2019:13:01:29 +0000] "GET /javascripts/home.js HTTP/1.1" 304 -
::1 - - [12/Aug/2019:13:01:29 +0000] "GET /stylesheets/style.css HTTP/1.1" 304 -
::1 - - [12/Aug/2019:13:01:29 +0000] "GET /stylesheets/schermata.css HTTP/1.1" 304 -
::1 - - [12/Aug/2019:13:01:30 +0000] "GET /home/user_nickname HTTP/1.1" 200 7
::1 - - [12/Aug/2019:13:01:31 +0000] "GET /home/RicaricaConto HTTP/1.1" 200 4956
::1 - - [12/Aug/2019:13:01:31 +0000] "GET /stylesheets/css/bootstrap.min.css HTTP/1.1" 304 -
::1 - - [12/Aug/2019:13:01:31 +0000] "GET /stylesheets/style.css HTTP/1.1" 304 -
::1 - - [12/Aug/2019:13:01:31 +0000] "GET /stylesheets/schermata.css HTTP/1.1" 304 -
::1 - - [12/Aug/2019:13:01:31 +0000] "GET /javascripts/js/bootstrap.js HTTP/1.1" 304 -
::1 - - [12/Aug/2019:13:01:31 +0000] "GET /javascripts/home.js HTTP/1.1" 304 -
::1 - - [12/Aug/2019:13:01:31 +0000] "GET /home/user_nickname HTTP/1.1" 304 -
::1 - - [12/Aug/2019:13:05:51 +0000] "GET /home/RicaricaConto HTTP/1.1" 500 2168
::1 - - [12/Aug/2019:13:12:29 +0000] "GET /home/RicaricaConto HTTP/1.1" 500 2168
::1 - - [12/Aug/2019:13:12:38 +0000] "GET /home/RicaricaConto HTTP/1.1" 200 4956
::1 - - [12/Aug/2019:13:12:38 +0000] "GET /stylesheets/css/bootstrap.min.css HTTP/1.1" 304 -
::1 - - [12/Aug/2019:13:12:38 +0000] "GET /stylesheets/style.css HTTP/1.1" 304 -
::1 - - [12/Aug/2019:13:12:38 +0000] "GET /stylesheets/schermata.css HTTP/1.1" 304 -
::1 - - [12/Aug/2019:13:12:38 +0000] "GET /javascripts/js/bootstrap.js HTTP/1.1" 304 -
::1 - - [12/Aug/2019:13:12:38 +0000] "GET /javascripts/home.js HTTP/1.1" 304 -
::1 - - [12/Aug/2019:13:12:39 +0000] "GET /stylesheets/css/bootstrap.min.css.map HTTP/1.1" 304 -
::1 - - [12/Aug/2019:13:12:39 +0000] "GET /javascripts/js/bootstrap.js.map HTTP/1.1" 304 -
::1 - - [12/Aug/2019:13:12:39 +0000] "GET /home/user_nickname HTTP/1.1" 304 -
::1 - - [12/Aug/2019:13:17:03 +0000] "GET /home/RicaricaConto HTTP/1.1" 302 46
::1 - - [12/Aug/2019:13:17:03 +0000] "GET / HTTP/1.1" 304 -
::1 - - [12/Aug/2019:13:17:03 +0000] "GET /stylesheets/css/bootstrap.min.css HTTP/1.1" 304 -
::1 - - [12/Aug/2019:13:17:03 +0000] "GET /stylesheets/style.css HTTP/1.1" 304 -
::1 - - [12/Aug/2019:13:17:03 +0000] "GET /images/slides1.jpg HTTP/1.1" 304 -
::1 - - [12/Aug/2019:13:17:03 +0000] "GET /images/slides2.jpg HTTP/1.1" 304 -
::1 - - [12/Aug/2019:13:17:03 +0000] "GET /javascripts/js/bootstrap.js HTTP/1.1" 304 -
::1 - - [12/Aug/2019:13:17:03 +0000] "GET /javascripts/login.js HTTP/1.1" 304 -
::1 - - [12/Aug/2019:13:17:03 +0000] "GET /images/slides3.jpg HTTP/1.1" 304 -
::1 - - [12/Aug/2019:13:17:03 +0000] "GET /images/passdimenticata.jpg HTTP/1.1" 304 -
::1 - - [12/Aug/2019:13:17:10 +0000] "POST /login HTTP/1.1" 200 5
::1 - - [12/Aug/2019:13:17:10 +0000] "GET /home HTTP/1.1" 200 16617
::1 - - [12/Aug/2019:13:17:11 +0000] "GET /stylesheets/css/bootstrap.min.css HTTP/1.1" 304 -
::1 - - [12/Aug/2019:13:17:11 +0000] "GET /stylesheets/style.css HTTP/1.1" 304 -
::1 - - [12/Aug/2019:13:17:11 +0000] "GET /stylesheets/schermata.css HTTP/1.1" 304 -
::1 - - [12/Aug/2019:13:17:11 +0000] "GET /javascripts/js/bootstrap.js HTTP/1.1" 304 -
::1 - - [12/Aug/2019:13:17:11 +0000] "GET /javascripts/home.js HTTP/1.1" 304 -
::1 - - [12/Aug/2019:13:17:11 +0000] "GET /home/user_nickname HTTP/1.1" 200 6
::1 - - [12/Aug/2019:13:17:12 +0000] "GET /home/RicaricaConto HTTP/1.1" 200 4832
::1 - - [12/Aug/2019:13:17:12 +0000] "GET /stylesheets/css/bootstrap.min.css HTTP/1.1" 304 -
::1 - - [12/Aug/2019:13:17:12 +0000] "GET /stylesheets/style.css HTTP/1.1" 304 -
::1 - - [12/Aug/2019:13:17:12 +0000] "GET /stylesheets/schermata.css HTTP/1.1" 304 -
::1 - - [12/Aug/2019:13:17:12 +0000] "GET /javascripts/js/bootstrap.js HTTP/1.1" 304 -
::1 - - [12/Aug/2019:13:17:12 +0000] "GET /javascripts/home.js HTTP/1.1" 304 -
::1 - - [12/Aug/2019:13:17:12 +0000] "GET /home/user_nickname HTTP/1.1" 304 -
::1 - - [12/Aug/2019:13:17:17 +0000] "GET /logout HTTP/1.1" 302 46
::1 - - [12/Aug/2019:13:17:17 +0000] "GET / HTTP/1.1" 304 -
::1 - - [12/Aug/2019:13:17:17 +0000] "GET /stylesheets/css/bootstrap.min.css HTTP/1.1" 304 -
::1 - - [12/Aug/2019:13:17:17 +0000] "GET /stylesheets/style.css HTTP/1.1" 304 -
::1 - - [12/Aug/2019:13:17:17 +0000] "GET /images/slides1.jpg HTTP/1.1" 304 -
::1 - - [12/Aug/2019:13:17:17 +0000] "GET /images/slides2.jpg HTTP/1.1" 304 -
::1 - - [12/Aug/2019:13:17:17 +0000] "GET /javascripts/js/bootstrap.js HTTP/1.1" 304 -
::1 - - [12/Aug/2019:13:17:17 +0000] "GET /javascripts/login.js HTTP/1.1" 304 -
::1 - - [12/Aug/2019:13:17:17 +0000] "GET /images/slides3.jpg HTTP/1.1" 304 -
::1 - - [12/Aug/2019:13:17:17 +0000] "GET /images/passdimenticata.jpg HTTP/1.1" 304 -
::1 - - [12/Aug/2019:13:17:26 +0000] "POST /login HTTP/1.1" 200 5
::1 - - [12/Aug/2019:13:17:26 +0000] "GET /home HTTP/1.1" 200 16732
::1 - - [12/Aug/2019:13:17:26 +0000] "GET /stylesheets/css/bootstrap.min.css HTTP/1.1" 304 -
::1 - - [12/Aug/2019:13:17:26 +0000] "GET /stylesheets/style.css HTTP/1.1" 304 -
::1 - - [12/Aug/2019:13:17:26 +0000] "GET /stylesheets/schermata.css HTTP/1.1" 304 -
::1 - - [12/Aug/2019:13:17:26 +0000] "GET /javascripts/js/bootstrap.js HTTP/1.1" 304 -
::1 - - [12/Aug/2019:13:17:26 +0000] "GET /javascripts/home.js HTTP/1.1" 304 -
::1 - - [12/Aug/2019:13:17:27 +0000] "GET /home/user_nickname HTTP/1.1" 200 7
::1 - - [12/Aug/2019:13:17:28 +0000] "GET /home/RicaricaConto HTTP/1.1" 200 5035
::1 - - [12/Aug/2019:13:17:28 +0000] "GET /stylesheets/css/bootstrap.min.css HTTP/1.1" 304 -
::1 - - [12/Aug/2019:13:17:28 +0000] "GET /stylesheets/style.css HTTP/1.1" 304 -
::1 - - [12/Aug/2019:13:17:28 +0000] "GET /stylesheets/schermata.css HTTP/1.1" 304 -
::1 - - [12/Aug/2019:13:17:28 +0000] "GET /javascripts/js/bootstrap.js HTTP/1.1" 304 -
::1 - - [12/Aug/2019:13:17:28 +0000] "GET /javascripts/home.js HTTP/1.1" 304 -
::1 - - [12/Aug/2019:13:17:28 +0000] "GET /home/user_nickname HTTP/1.1" 304 -
::1 - - [12/Aug/2019:13:17:39 +0000] "GET /stylesheets/css/bootstrap.min.css HTTP/1.1" 304 -
::1 - - [12/Aug/2019:13:17:39 +0000] "GET /stylesheets/style.css HTTP/1.1" 304 -
::1 - - [12/Aug/2019:13:17:39 +0000] "GET /stylesheets/schermata.css HTTP/1.1" 304 -
::1 - - [12/Aug/2019:13:17:39 +0000] "GET /javascripts/js/bootstrap.js.map HTTP/1.1" 304 -
::1 - - [12/Aug/2019:13:17:39 +0000] "GET /stylesheets/css/bootstrap.min.css.map HTTP/1.1" 304 -
::1 - - [12/Aug/2019:13:23:35 +0000] "GET /home/RicaricaConto HTTP/1.1" 304 -
::1 - - [12/Aug/2019:13:23:35 +0000] "GET /stylesheets/css/bootstrap.min.css HTTP/1.1" 304 -
::1 - - [12/Aug/2019:13:23:35 +0000] "GET /stylesheets/style.css HTTP/1.1" 304 -
::1 - - [12/Aug/2019:13:23:35 +0000] "GET /stylesheets/schermata.css HTTP/1.1" 304 -
::1 - - [12/Aug/2019:13:23:35 +0000] "GET /javascripts/js/bootstrap.js HTTP/1.1" 304 -
::1 - - [12/Aug/2019:13:23:35 +0000] "GET /javascripts/home.js HTTP/1.1" 304 -
::1 - - [12/Aug/2019:13:23:35 +0000] "GET /stylesheets/css/bootstrap.min.css.map HTTP/1.1" 304 -
::1 - - [12/Aug/2019:13:23:36 +0000] "GET /javascripts/js/bootstrap.js.map HTTP/1.1" 304 -
::1 - - [12/Aug/2019:13:23:36 +0000] "GET /home/user_nickname HTTP/1.1" 304 -
::1 - - [12/Aug/2019:13:26:35 +0000] "GET /home/RicaricaConto HTTP/1.1" 200 5653
::1 - - [12/Aug/2019:13:26:35 +0000] "GET /stylesheets/css/bootstrap.min.css HTTP/1.1" 304 -
::1 - - [12/Aug/2019:13:26:35 +0000] "GET /stylesheets/style.css HTTP/1.1" 304 -
::1 - - [12/Aug/2019:13:26:35 +0000] "GET /stylesheets/schermata.css HTTP/1.1" 304 -
::1 - - [12/Aug/2019:13:26:35 +0000] "GET /javascripts/js/bootstrap.js HTTP/1.1" 304 -
::1 - - [12/Aug/2019:13:26:35 +0000] "GET /javascripts/home.js HTTP/1.1" 304 -
::1 - - [12/Aug/2019:13:26:35 +0000] "GET /stylesheets/css/bootstrap.min.css.map HTTP/1.1" 304 -
::1 - - [12/Aug/2019:13:26:36 +0000] "GET /javascripts/js/bootstrap.js.map HTTP/1.1" 304 -
::1 - - [12/Aug/2019:13:26:36 +0000] "GET /home/user_nickname HTTP/1.1" 304 -
::1 - - [12/Aug/2019:13:26:37 +0000] "GET /home/RicaricaConto HTTP/1.1" 304 -
::1 - - [12/Aug/2019:13:26:37 +0000] "GET /stylesheets/css/bootstrap.min.css HTTP/1.1" 304 -
::1 - - [12/Aug/2019:13:26:37 +0000] "GET /stylesheets/style.css HTTP/1.1" 304 -
::1 - - [12/Aug/2019:13:26:37 +0000] "GET /stylesheets/schermata.css HTTP/1.1" 304 -
::1 - - [12/Aug/2019:13:26:37 +0000] "GET /javascripts/js/bootstrap.js HTTP/1.1" 304 -
::1 - - [12/Aug/2019:13:26:37 +0000] "GET /javascripts/home.js HTTP/1.1" 304 -
::1 - - [12/Aug/2019:13:26:38 +0000] "GET /javascripts/js/bootstrap.js.map HTTP/1.1" 304 -
::1 - - [12/Aug/2019:13:26:38 +0000] "GET /stylesheets/css/bootstrap.min.css.map HTTP/1.1" 304 -
::1 - - [12/Aug/2019:13:26:38 +0000] "GET /home/user_nickname HTTP/1.1" 304 -
::1 - - [12/Aug/2019:13:37:22 +0000] "GET /home/RicaricaConto HTTP/1.1" 302 46
::1 - - [12/Aug/2019:13:37:22 +0000] "GET / HTTP/1.1" 304 -
::1 - - [12/Aug/2019:13:37:22 +0000] "GET /stylesheets/css/bootstrap.min.css HTTP/1.1" 304 -
::1 - - [12/Aug/2019:13:37:22 +0000] "GET /stylesheets/style.css HTTP/1.1" 304 -
::1 - - [12/Aug/2019:13:37:22 +0000] "GET /images/slides1.jpg HTTP/1.1" 304 -
::1 - - [12/Aug/2019:13:37:22 +0000] "GET /images/slides2.jpg HTTP/1.1" 304 -
::1 - - [12/Aug/2019:13:37:22 +0000] "GET /javascripts/js/bootstrap.js HTTP/1.1" 304 -
::1 - - [12/Aug/2019:13:37:22 +0000] "GET /javascripts/login.js HTTP/1.1" 304 -
::1 - - [12/Aug/2019:13:37:22 +0000] "GET /images/slides3.jpg HTTP/1.1" 304 -
::1 - - [12/Aug/2019:13:37:22 +0000] "GET /images/passdimenticata.jpg HTTP/1.1" 304 -
::1 - - [12/Aug/2019:13:37:22 +0000] "GET /javascripts/js/bootstrap.js.map HTTP/1.1" 304 -
::1 - - [12/Aug/2019:13:37:23 +0000] "GET /stylesheets/css/bootstrap.min.css.map HTTP/1.1" 304 -
::1 - - [12/Aug/2019:13:37:30 +0000] "POST /login HTTP/1.1" 200 5
::1 - - [12/Aug/2019:13:37:30 +0000] "GET /home HTTP/1.1" 200 16617
::1 - - [12/Aug/2019:13:37:30 +0000] "GET /stylesheets/css/bootstrap.min.css HTTP/1.1" 304 -
::1 - - [12/Aug/2019:13:37:30 +0000] "GET /stylesheets/style.css HTTP/1.1" 304 -
::1 - - [12/Aug/2019:13:37:30 +0000] "GET /javascripts/home.js HTTP/1.1" 304 -
::1 - - [12/Aug/2019:13:37:30 +0000] "GET /stylesheets/schermata.css HTTP/1.1" 304 -
::1 - - [12/Aug/2019:13:37:30 +0000] "GET /javascripts/js/bootstrap.js HTTP/1.1" 304 -
::1 - - [12/Aug/2019:13:37:30 +0000] "GET /stylesheets/css/bootstrap.min.css.map HTTP/1.1" 304 -
::1 - - [12/Aug/2019:13:37:30 +0000] "GET /javascripts/js/bootstrap.js.map HTTP/1.1" 304 -
::1 - - [12/Aug/2019:13:37:31 +0000] "GET /home/user_nickname HTTP/1.1" 200 6
::1 - - [12/Aug/2019:13:37:32 +0000] "GET /home/RicaricaConto HTTP/1.1" 200 4843
::1 - - [12/Aug/2019:13:37:32 +0000] "GET /stylesheets/css/bootstrap.min.css HTTP/1.1" 304 -
::1 - - [12/Aug/2019:13:37:32 +0000] "GET /stylesheets/style.css HTTP/1.1" 304 -
::1 - - [12/Aug/2019:13:37:32 +0000] "GET /stylesheets/schermata.css HTTP/1.1" 304 -
::1 - - [12/Aug/2019:13:37:32 +0000] "GET /javascripts/js/bootstrap.js HTTP/1.1" 304 -
::1 - - [12/Aug/2019:13:37:32 +0000] "GET /javascripts/home.js HTTP/1.1" 304 -
::1 - - [12/Aug/2019:13:37:32 +0000] "GET /javascripts/js/bootstrap.js.map HTTP/1.1" 304 -
::1 - - [12/Aug/2019:13:37:32 +0000] "GET /stylesheets/css/bootstrap.min.css.map HTTP/1.1" 304 -
::1 - - [12/Aug/2019:13:37:32 +0000] "GET /home/user_nickname HTTP/1.1" 304 -
::1 - - [12/Aug/2019:13:37:36 +0000] "GET /stylesheets/css/bootstrap.min.css.map HTTP/1.1" 304 -
::1 - - [12/Aug/2019:13:37:36 +0000] "GET /javascripts/js/bootstrap.js.map HTTP/1.1" 304 -
::1 - - [12/Aug/2019:13:37:37 +0000] "GET /javascripts/js/bootstrap.js.map HTTP/1.1" 304 -
::1 - - [12/Aug/2019:13:37:37 +0000] "GET /stylesheets/css/bootstrap.min.css.map HTTP/1.1" 304 -
::1 - - [12/Aug/2019:13:37:46 +0000] "POST /login HTTP/1.1" 200 5
::1 - - [12/Aug/2019:13:37:46 +0000] "GET /home HTTP/1.1" 200 16732
::1 - - [12/Aug/2019:13:37:46 +0000] "GET /stylesheets/css/bootstrap.min.css HTTP/1.1" 304 -
::1 - - [12/Aug/2019:13:37:46 +0000] "GET /stylesheets/style.css HTTP/1.1" 304 -
::1 - - [12/Aug/2019:13:37:46 +0000] "GET /stylesheets/schermata.css HTTP/1.1" 304 -
::1 - - [12/Aug/2019:13:37:46 +0000] "GET /javascripts/js/bootstrap.js HTTP/1.1" 304 -
::1 - - [12/Aug/2019:13:37:46 +0000] "GET /javascripts/home.js HTTP/1.1" 304 -
::1 - - [12/Aug/2019:13:37:47 +0000] "GET /stylesheets/css/bootstrap.min.css.map HTTP/1.1" 304 -
::1 - - [12/Aug/2019:13:37:47 +0000] "GET /javascripts/js/bootstrap.js.map HTTP/1.1" 304 -
::1 - - [12/Aug/2019:13:37:47 +0000] "GET /home/user_nickname HTTP/1.1" 200 7
::1 - - [12/Aug/2019:13:37:49 +0000] "GET /home/RicaricaConto HTTP/1.1" 200 5664
::1 - - [12/Aug/2019:13:37:49 +0000] "GET /stylesheets/css/bootstrap.min.css HTTP/1.1" 304 -
::1 - - [12/Aug/2019:13:37:49 +0000] "GET /stylesheets/style.css HTTP/1.1" 304 -
::1 - - [12/Aug/2019:13:37:49 +0000] "GET /stylesheets/schermata.css HTTP/1.1" 304 -
::1 - - [12/Aug/2019:13:37:49 +0000] "GET /javascripts/js/bootstrap.js HTTP/1.1" 304 -
::1 - - [12/Aug/2019:13:37:49 +0000] "GET /javascripts/home.js HTTP/1.1" 304 -
::1 - - [12/Aug/2019:13:37:50 +0000] "GET /javascripts/js/bootstrap.js.map HTTP/1.1" 304 -
::1 - - [12/Aug/2019:13:37:50 +0000] "GET /stylesheets/css/bootstrap.min.css.map HTTP/1.1" 304 -
::1 - - [12/Aug/2019:13:37:50 +0000] "GET /home/user_nickname HTTP/1.1" 304 -
::1 - - [12/Aug/2019:13:40:39 +0000] "GET /home/RicaricaConto HTTP/1.1" 200 5742
::1 - - [12/Aug/2019:13:40:39 +0000] "GET /stylesheets/css/bootstrap.min.css HTTP/1.1" 304 -
::1 - - [12/Aug/2019:13:40:39 +0000] "GET /stylesheets/style.css HTTP/1.1" 304 -
::1 - - [12/Aug/2019:13:40:39 +0000] "GET /stylesheets/schermata.css HTTP/1.1" 304 -
::1 - - [12/Aug/2019:13:40:39 +0000] "GET /javascripts/RicaricaConto.js HTTP/1.1" 200 159
::1 - - [12/Aug/2019:13:40:39 +0000] "GET /javascripts/js/bootstrap.js HTTP/1.1" 304 -
::1 - - [12/Aug/2019:13:40:39 +0000] "GET /javascripts/home.js HTTP/1.1" 304 -
::1 - - [12/Aug/2019:13:40:39 +0000] "GET /javascripts/js/bootstrap.js.map HTTP/1.1" 304 -
::1 - - [12/Aug/2019:13:40:39 +0000] "GET /stylesheets/css/bootstrap.min.css.map HTTP/1.1" 304 -
::1 - - [12/Aug/2019:13:40:40 +0000] "GET /home/user_nickname HTTP/1.1" 304 -
::1 - - [12/Aug/2019:13:40:41 +0000] "GET /home/RicaricaConto HTTP/1.1" 304 -
::1 - - [12/Aug/2019:13:40:41 +0000] "GET /stylesheets/css/bootstrap.min.css HTTP/1.1" 304 -
::1 - - [12/Aug/2019:13:40:41 +0000] "GET /stylesheets/style.css HTTP/1.1" 304 -
::1 - - [12/Aug/2019:13:40:41 +0000] "GET /stylesheets/schermata.css HTTP/1.1" 304 -
::1 - - [12/Aug/2019:13:40:41 +0000] "GET /javascripts/js/bootstrap.js HTTP/1.1" 304 -
::1 - - [12/Aug/2019:13:40:41 +0000] "GET /javascripts/home.js HTTP/1.1" 304 -
::1 - - [12/Aug/2019:13:40:41 +0000] "GET /javascripts/RicaricaConto.js HTTP/1.1" 304 -
::1 - - [12/Aug/2019:13:40:42 +0000] "GET /javascripts/js/bootstrap.js.map HTTP/1.1" 304 -
::1 - - [12/Aug/2019:13:40:42 +0000] "GET /stylesheets/css/bootstrap.min.css.map HTTP/1.1" 304 -
::1 - - [12/Aug/2019:13:40:42 +0000] "GET /home/user_nickname HTTP/1.1" 304 -
::1 - - [12/Aug/2019:13:40:52 +0000] "GET /home/RicaricaConto HTTP/1.1" 304 -
::1 - - [12/Aug/2019:13:40:52 +0000] "GET /stylesheets/css/bootstrap.min.css HTTP/1.1" 304 -
::1 - - [12/Aug/2019:13:40:52 +0000] "GET /stylesheets/style.css HTTP/1.1" 304 -
::1 - - [12/Aug/2019:13:40:52 +0000] "GET /stylesheets/schermata.css HTTP/1.1" 304 -
::1 - - [12/Aug/2019:13:40:52 +0000] "GET /javascripts/js/bootstrap.js HTTP/1.1" 304 -
::1 - - [12/Aug/2019:13:40:52 +0000] "GET /javascripts/home.js HTTP/1.1" 304 -
::1 - - [12/Aug/2019:13:40:52 +0000] "GET /javascripts/RicaricaConto.js HTTP/1.1" 304 -
::1 - - [12/Aug/2019:13:40:52 +0000] "GET /javascripts/js/bootstrap.js.map HTTP/1.1" 304 -
::1 - - [12/Aug/2019:13:40:52 +0000] "GET /home/user_nickname HTTP/1.1" 304 -
::1 - - [12/Aug/2019:13:40:52 +0000] "GET /stylesheets/css/bootstrap.min.css.map HTTP/1.1" 304 -
::1 - - [12/Aug/2019:15:03:10 +0000] "GET /home/RicaricaConto HTTP/1.1" 302 46
::1 - - [12/Aug/2019:15:03:10 +0000] "GET / HTTP/1.1" 304 -
::1 - - [12/Aug/2019:15:03:10 +0000] "GET /stylesheets/css/bootstrap.min.css HTTP/1.1" 304 -
::1 - - [12/Aug/2019:15:03:10 +0000] "GET /stylesheets/style.css HTTP/1.1" 304 -
::1 - - [12/Aug/2019:15:03:10 +0000] "GET /images/slides1.jpg HTTP/1.1" 304 -
::1 - - [12/Aug/2019:15:03:10 +0000] "GET /images/slides2.jpg HTTP/1.1" 304 -
::1 - - [12/Aug/2019:15:03:10 +0000] "GET /javascripts/js/bootstrap.js HTTP/1.1" 304 -
::1 - - [12/Aug/2019:15:03:10 +0000] "GET /javascripts/login.js HTTP/1.1" 304 -
::1 - - [12/Aug/2019:15:03:10 +0000] "GET /images/slides3.jpg HTTP/1.1" 304 -
::1 - - [12/Aug/2019:15:03:10 +0000] "GET /images/passdimenticata.jpg HTTP/1.1" 304 -
::1 - - [12/Aug/2019:15:03:26 +0000] "POST /login HTTP/1.1" 200 5
::1 - - [12/Aug/2019:15:03:26 +0000] "GET /home HTTP/1.1" 304 -
::1 - - [12/Aug/2019:15:03:26 +0000] "GET /stylesheets/css/bootstrap.min.css HTTP/1.1" 304 -
::1 - - [12/Aug/2019:15:03:26 +0000] "GET /stylesheets/style.css HTTP/1.1" 304 -
::1 - - [12/Aug/2019:15:03:26 +0000] "GET /stylesheets/schermata.css HTTP/1.1" 304 -
::1 - - [12/Aug/2019:15:03:26 +0000] "GET /javascripts/js/bootstrap.js HTTP/1.1" 304 -
::1 - - [12/Aug/2019:15:03:26 +0000] "GET /javascripts/home.js HTTP/1.1" 304 -
::1 - - [12/Aug/2019:15:03:26 +0000] "GET /home/user_nickname HTTP/1.1" 304 -
::1 - - [12/Aug/2019:15:03:28 +0000] "GET /home/RicaricaConto HTTP/1.1" 200 5673
::1 - - [12/Aug/2019:15:03:28 +0000] "GET /stylesheets/css/bootstrap.min.css HTTP/1.1" 304 -
::1 - - [12/Aug/2019:15:03:28 +0000] "GET /stylesheets/style.css HTTP/1.1" 304 -
::1 - - [12/Aug/2019:15:03:28 +0000] "GET /stylesheets/schermata.css HTTP/1.1" 304 -
::1 - - [12/Aug/2019:15:03:28 +0000] "GET /javascripts/js/bootstrap.js HTTP/1.1" 304 -
::1 - - [12/Aug/2019:15:03:28 +0000] "GET /javascripts/home.js HTTP/1.1" 304 -
::1 - - [12/Aug/2019:15:03:28 +0000] "GET /javascripts/RicaricaConto.js HTTP/1.1" 304 -
::1 - - [12/Aug/2019:15:03:28 +0000] "GET /home/user_nickname HTTP/1.1" 304 -
::1 - - [12/Aug/2019:15:06:04 +0000] "GET /home/RicaricaConto HTTP/1.1" 302 46
::1 - - [12/Aug/2019:15:06:04 +0000] "GET / HTTP/1.1" 304 -
::1 - - [12/Aug/2019:15:06:04 +0000] "GET /stylesheets/css/bootstrap.min.css HTTP/1.1" 304 -
::1 - - [12/Aug/2019:15:06:04 +0000] "GET /stylesheets/style.css HTTP/1.1" 304 -
::1 - - [12/Aug/2019:15:06:04 +0000] "GET /images/slides2.jpg HTTP/1.1" 304 -
::1 - - [12/Aug/2019:15:06:04 +0000] "GET /images/slides1.jpg HTTP/1.1" 304 -
::1 - - [12/Aug/2019:15:06:04 +0000] "GET /javascripts/js/bootstrap.js HTTP/1.1" 304 -
::1 - - [12/Aug/2019:15:06:04 +0000] "GET /javascripts/login.js HTTP/1.1" 304 -
::1 - - [12/Aug/2019:15:06:04 +0000] "GET /images/slides3.jpg HTTP/1.1" 304 -
::1 - - [12/Aug/2019:15:06:04 +0000] "GET /images/passdimenticata.jpg HTTP/1.1" 304 -
::1 - - [12/Aug/2019:15:06:12 +0000] "POST /login HTTP/1.1" 200 5
::1 - - [12/Aug/2019:15:06:12 +0000] "GET /home HTTP/1.1" 304 -
::1 - - [12/Aug/2019:15:06:12 +0000] "GET /stylesheets/css/bootstrap.min.css HTTP/1.1" 304 -
::1 - - [12/Aug/2019:15:06:12 +0000] "GET /stylesheets/style.css HTTP/1.1" 304 -
::1 - - [12/Aug/2019:15:06:12 +0000] "GET /stylesheets/schermata.css HTTP/1.1" 304 -
::1 - - [12/Aug/2019:15:06:12 +0000] "GET /javascripts/js/bootstrap.js HTTP/1.1" 304 -
::1 - - [12/Aug/2019:15:06:12 +0000] "GET /javascripts/home.js HTTP/1.1" 304 -
::1 - - [12/Aug/2019:15:06:13 +0000] "GET /home/user_nickname HTTP/1.1" 304 -
::1 - - [12/Aug/2019:15:06:15 +0000] "GET /home/gestioneProfilo HTTP/1.1" 200 11614
::1 - - [12/Aug/2019:15:06:15 +0000] "GET /stylesheets/css/bootstrap.min.css HTTP/1.1" 304 -
::1 - - [12/Aug/2019:15:06:15 +0000] "GET /stylesheets/style.css HTTP/1.1" 304 -
::1 - - [12/Aug/2019:15:06:15 +0000] "GET /stylesheets/schermata.css HTTP/1.1" 304 -
::1 - - [12/Aug/2019:15:06:15 +0000] "GET /javascripts/js/bootstrap.js HTTP/1.1" 304 -
::1 - - [12/Aug/2019:15:06:15 +0000] "GET /javascripts/gestionedati.js HTTP/1.1" 304 -
::1 - - [12/Aug/2019:15:06:24 +0000] "GET /home/RicaricaConto HTTP/1.1" 200 5672
::1 - - [12/Aug/2019:15:06:24 +0000] "GET /stylesheets/css/bootstrap.min.css HTTP/1.1" 304 -
::1 - - [12/Aug/2019:15:06:24 +0000] "GET /stylesheets/style.css HTTP/1.1" 304 -
::1 - - [12/Aug/2019:15:06:24 +0000] "GET /stylesheets/schermata.css HTTP/1.1" 304 -
::1 - - [12/Aug/2019:15:06:24 +0000] "GET /javascripts/js/bootstrap.js HTTP/1.1" 304 -
::1 - - [12/Aug/2019:15:06:24 +0000] "GET /javascripts/home.js HTTP/1.1" 304 -
::1 - - [12/Aug/2019:15:06:24 +0000] "GET /javascripts/RicaricaConto.js HTTP/1.1" 200 163
::1 - - [12/Aug/2019:15:06:24 +0000] "GET /home/user_nickname HTTP/1.1" 304 -
::1 - - [12/Aug/2019:15:41:14 +0000] "GET /home/RicaricaConto HTTP/1.1" 302 46
::1 - - [12/Aug/2019:15:41:14 +0000] "GET / HTTP/1.1" 304 -
::1 - - [12/Aug/2019:15:41:14 +0000] "GET /stylesheets/css/bootstrap.min.css HTTP/1.1" 304 -
::1 - - [12/Aug/2019:15:41:14 +0000] "GET /images/slides1.jpg HTTP/1.1" 304 -
::1 - - [12/Aug/2019:15:41:14 +0000] "GET /stylesheets/style.css HTTP/1.1" 304 -
::1 - - [12/Aug/2019:15:41:14 +0000] "GET /images/slides2.jpg HTTP/1.1" 304 -
::1 - - [12/Aug/2019:15:41:15 +0000] "GET /javascripts/js/bootstrap.js HTTP/1.1" 304 -
::1 - - [12/Aug/2019:15:41:15 +0000] "GET /javascripts/login.js HTTP/1.1" 304 -
::1 - - [12/Aug/2019:15:41:15 +0000] "GET /images/slides3.jpg HTTP/1.1" 304 -
::1 - - [12/Aug/2019:15:41:15 +0000] "GET /images/passdimenticata.jpg HTTP/1.1" 304 -
::1 - - [12/Aug/2019:15:41:26 +0000] "POST /login HTTP/1.1" 200 5
::1 - - [12/Aug/2019:15:41:26 +0000] "GET /home HTTP/1.1" 304 -
::1 - - [12/Aug/2019:15:41:26 +0000] "GET /stylesheets/css/bootstrap.min.css HTTP/1.1" 304 -
::1 - - [12/Aug/2019:15:41:26 +0000] "GET /stylesheets/style.css HTTP/1.1" 304 -
::1 - - [12/Aug/2019:15:41:26 +0000] "GET /stylesheets/schermata.css HTTP/1.1" 304 -
::1 - - [12/Aug/2019:15:41:26 +0000] "GET /javascripts/js/bootstrap.js HTTP/1.1" 304 -
::1 - - [12/Aug/2019:15:41:26 +0000] "GET /javascripts/home.js HTTP/1.1" 304 -
::1 - - [12/Aug/2019:15:41:27 +0000] "GET /home/user_nickname HTTP/1.1" 304 -
::1 - - [12/Aug/2019:15:41:28 +0000] "GET /home/RicaricaConto HTTP/1.1" 200 5204
::1 - - [12/Aug/2019:15:41:28 +0000] "GET /stylesheets/css/bootstrap.min.css HTTP/1.1" 304 -
::1 - - [12/Aug/2019:15:41:28 +0000] "GET /stylesheets/style.css HTTP/1.1" 304 -
::1 - - [12/Aug/2019:15:41:28 +0000] "GET /stylesheets/schermata.css HTTP/1.1" 304 -
::1 - - [12/Aug/2019:15:41:28 +0000] "GET /javascripts/js/bootstrap.js HTTP/1.1" 304 -
::1 - - [12/Aug/2019:15:41:28 +0000] "GET /javascripts/home.js HTTP/1.1" 304 -
::1 - - [12/Aug/2019:15:41:28 +0000] "GET /javascripts/RicaricaConto.js HTTP/1.1" 200 158
::1 - - [12/Aug/2019:15:41:29 +0000] "GET /home/user_nickname HTTP/1.1" 304 -
::1 - - [12/Aug/2019:15:42:12 +0000] "GET /home/RicaricaConto HTTP/1.1" 200 5190
::1 - - [12/Aug/2019:15:42:12 +0000] "GET /stylesheets/css/bootstrap.min.css HTTP/1.1" 304 -
::1 - - [12/Aug/2019:15:42:12 +0000] "GET /stylesheets/style.css HTTP/1.1" 304 -
::1 - - [12/Aug/2019:15:42:12 +0000] "GET /stylesheets/schermata.css HTTP/1.1" 304 -
::1 - - [12/Aug/2019:15:42:13 +0000] "GET /javascripts/js/bootstrap.js HTTP/1.1" 304 -
::1 - - [12/Aug/2019:15:42:13 +0000] "GET /javascripts/home.js HTTP/1.1" 304 -
::1 - - [12/Aug/2019:15:42:13 +0000] "GET /javascripts/RicaricaConto.js HTTP/1.1" 304 -
::1 - - [12/Aug/2019:15:42:13 +0000] "GET /home/user_nickname HTTP/1.1" 304 -
::1 - - [12/Aug/2019:15:42:21 +0000] "GET /home/RicaricaConto HTTP/1.1" 304 -
::1 - - [12/Aug/2019:15:42:21 +0000] "GET /stylesheets/css/bootstrap.min.css HTTP/1.1" 304 -
::1 - - [12/Aug/2019:15:42:21 +0000] "GET /stylesheets/style.css HTTP/1.1" 304 -
::1 - - [12/Aug/2019:15:42:21 +0000] "GET /stylesheets/schermata.css HTTP/1.1" 304 -
::1 - - [12/Aug/2019:15:42:21 +0000] "GET /javascripts/js/bootstrap.js HTTP/1.1" 304 -
::1 - - [12/Aug/2019:15:42:21 +0000] "GET /javascripts/home.js HTTP/1.1" 304 -
::1 - - [12/Aug/2019:15:42:21 +0000] "GET /javascripts/RicaricaConto.js HTTP/1.1" 304 -
::1 - - [12/Aug/2019:15:42:22 +0000] "GET /home/user_nickname HTTP/1.1" 304 -
::1 - - [12/Aug/2019:15:44:37 +0000] "GET /home/RicaricaConto HTTP/1.1" 200 5296
::1 - - [12/Aug/2019:15:44:37 +0000] "GET /stylesheets/css/bootstrap.min.css HTTP/1.1" 304 -
::1 - - [12/Aug/2019:15:44:37 +0000] "GET /stylesheets/style.css HTTP/1.1" 304 -
::1 - - [12/Aug/2019:15:44:37 +0000] "GET /stylesheets/schermata.css HTTP/1.1" 304 -
::1 - - [12/Aug/2019:15:44:37 +0000] "GET /javascripts/js/bootstrap.js HTTP/1.1" 304 -
::1 - - [12/Aug/2019:15:44:37 +0000] "GET /javascripts/home.js HTTP/1.1" 304 -
::1 - - [12/Aug/2019:15:44:37 +0000] "GET /javascripts/RicaricaConto.js HTTP/1.1" 304 -
::1 - - [12/Aug/2019:15:44:37 +0000] "GET /home/user_nickname HTTP/1.1" 304 -
::1 - - [12/Aug/2019:15:45:39 +0000] "GET /home/RicaricaConto HTTP/1.1" 200 5374
::1 - - [12/Aug/2019:15:45:39 +0000] "GET /stylesheets/css/bootstrap.min.css HTTP/1.1" 304 -
::1 - - [12/Aug/2019:15:45:39 +0000] "GET /stylesheets/style.css HTTP/1.1" 304 -
::1 - - [12/Aug/2019:15:45:39 +0000] "GET /stylesheets/schermata.css HTTP/1.1" 304 -
::1 - - [12/Aug/2019:15:45:39 +0000] "GET /javascripts/js/bootstrap.js HTTP/1.1" 304 -
::1 - - [12/Aug/2019:15:45:39 +0000] "GET /javascripts/home.js HTTP/1.1" 304 -
::1 - - [12/Aug/2019:15:45:39 +0000] "GET /javascripts/RicaricaConto.js HTTP/1.1" 304 -
::1 - - [12/Aug/2019:15:45:39 +0000] "GET /home/user_nickname HTTP/1.1" 304 -
::1 - - [12/Aug/2019:15:46:00 +0000] "GET /home/RicaricaConto HTTP/1.1" 304 -
::1 - - [12/Aug/2019:15:46:00 +0000] "GET /stylesheets/css/bootstrap.min.css HTTP/1.1" 304 -
::1 - - [12/Aug/2019:15:46:00 +0000] "GET /stylesheets/style.css HTTP/1.1" 304 -
::1 - - [12/Aug/2019:15:46:00 +0000] "GET /stylesheets/schermata.css HTTP/1.1" 304 -
::1 - - [12/Aug/2019:15:46:00 +0000] "GET /javascripts/js/bootstrap.js HTTP/1.1" 304 -
::1 - - [12/Aug/2019:15:46:00 +0000] "GET /javascripts/home.js HTTP/1.1" 304 -
::1 - - [12/Aug/2019:15:46:00 +0000] "GET /javascripts/RicaricaConto.js HTTP/1.1" 200 163
::1 - - [12/Aug/2019:15:46:00 +0000] "GET /home/user_nickname HTTP/1.1" 304 -
::1 - - [12/Aug/2019:15:50:51 +0000] "GET /home/RicaricaConto HTTP/1.1" 200 4773
::1 - - [12/Aug/2019:15:50:51 +0000] "GET /stylesheets/css/bootstrap.min.css HTTP/1.1" 304 -
::1 - - [12/Aug/2019:15:50:51 +0000] "GET /stylesheets/style.css HTTP/1.1" 304 -
::1 - - [12/Aug/2019:15:50:51 +0000] "GET /stylesheets/schermata.css HTTP/1.1" 304 -
::1 - - [12/Aug/2019:15:50:51 +0000] "GET /javascripts/js/bootstrap.js HTTP/1.1" 304 -
::1 - - [12/Aug/2019:15:50:51 +0000] "GET /javascripts/home.js HTTP/1.1" 304 -
::1 - - [12/Aug/2019:15:50:51 +0000] "GET /javascripts/RicaricaConto.js HTTP/1.1" 200 158
::1 - - [12/Aug/2019:15:50:51 +0000] "GET /home/user_nickname HTTP/1.1" 304 -
::1 - - [12/Aug/2019:15:52:12 +0000] "GET /home/RicaricaConto HTTP/1.1" 200 4804
::1 - - [12/Aug/2019:15:52:12 +0000] "GET /stylesheets/css/bootstrap.min.css HTTP/1.1" 304 -
::1 - - [12/Aug/2019:15:52:12 +0000] "GET /stylesheets/style.css HTTP/1.1" 304 -
::1 - - [12/Aug/2019:15:52:12 +0000] "GET /stylesheets/schermata.css HTTP/1.1" 304 -
::1 - - [12/Aug/2019:15:52:12 +0000] "GET /javascripts/js/bootstrap.js HTTP/1.1" 304 -
::1 - - [12/Aug/2019:15:52:12 +0000] "GET /javascripts/home.js HTTP/1.1" 304 -
::1 - - [12/Aug/2019:15:52:12 +0000] "GET /javascripts/RicaricaConto.js HTTP/1.1" 304 -
::1 - - [12/Aug/2019:15:52:12 +0000] "GET /home/user_nickname HTTP/1.1" 304 -
::1 - - [12/Aug/2019:15:52:28 +0000] "GET /home/RicaricaConto HTTP/1.1" 200 4802
::1 - - [12/Aug/2019:15:52:28 +0000] "GET /stylesheets/css/bootstrap.min.css HTTP/1.1" 304 -
::1 - - [12/Aug/2019:15:52:28 +0000] "GET /stylesheets/style.css HTTP/1.1" 304 -
::1 - - [12/Aug/2019:15:52:28 +0000] "GET /stylesheets/schermata.css HTTP/1.1" 304 -
::1 - - [12/Aug/2019:15:52:28 +0000] "GET /javascripts/js/bootstrap.js HTTP/1.1" 304 -
::1 - - [12/Aug/2019:15:52:28 +0000] "GET /javascripts/home.js HTTP/1.1" 304 -
::1 - - [12/Aug/2019:15:52:28 +0000] "GET /javascripts/RicaricaConto.js HTTP/1.1" 304 -
::1 - - [12/Aug/2019:15:52:28 +0000] "GET /home/user_nickname HTTP/1.1" 304 -
::1 - - [24/Aug/2019:13:45:29 +0000] "GET / HTTP/1.1" 200 6401
::1 - - [24/Aug/2019:13:45:29 +0000] "GET /images/slides1.jpg HTTP/1.1" 200 41223
::1 - - [24/Aug/2019:13:45:29 +0000] "GET /stylesheets/style.css HTTP/1.1" 200 7970
::1 - - [24/Aug/2019:13:45:29 +0000] "GET /stylesheets/css/bootstrap.min.css HTTP/1.1" 200 155764
::1 - - [24/Aug/2019:13:45:29 +0000] "GET /images/slides2.jpg HTTP/1.1" 200 33557
::1 - - [24/Aug/2019:13:45:29 +0000] "GET /javascripts/js/bootstrap.js HTTP/1.1" 200 136072
::1 - - [24/Aug/2019:13:45:29 +0000] "GET /javascripts/login.js HTTP/1.1" 200 2845
::1 - - [24/Aug/2019:13:45:29 +0000] "GET /images/slides3.jpg HTTP/1.1" 200 39977
::1 - - [24/Aug/2019:13:45:29 +0000] "GET /images/passdimenticata.jpg HTTP/1.1" 200 13284
::1 - - [24/Aug/2019:13:45:31 +0000] "GET /images/favicon.ico HTTP/1.1" 200 1150
::1 - - [24/Aug/2019:13:45:39 +0000] "POST /login HTTP/1.1" 200 5
::1 - - [24/Aug/2019:13:45:39 +0000] "GET /home HTTP/1.1" 200 16732
::1 - - [24/Aug/2019:13:45:39 +0000] "GET /stylesheets/css/bootstrap.min.css HTTP/1.1" 304 -
::1 - - [24/Aug/2019:13:45:39 +0000] "GET /stylesheets/style.css HTTP/1.1" 304 -
::1 - - [24/Aug/2019:13:45:39 +0000] "GET /javascripts/js/bootstrap.js HTTP/1.1" 304 -
::1 - - [24/Aug/2019:13:45:39 +0000] "GET /javascripts/home.js HTTP/1.1" 200 10364
::1 - - [24/Aug/2019:13:45:39 +0000] "GET /stylesheets/schermata.css HTTP/1.1" 200 916
::1 - - [24/Aug/2019:13:45:40 +0000] "GET /home/user_nickname HTTP/1.1" 200 7
::1 - - [24/Aug/2019:13:45:42 +0000] "GET /home/RicaricaConto HTTP/1.1" 200 4802
::1 - - [24/Aug/2019:13:45:43 +0000] "GET /stylesheets/css/bootstrap.min.css HTTP/1.1" 304 -
::1 - - [24/Aug/2019:13:45:43 +0000] "GET /stylesheets/style.css HTTP/1.1" 304 -
::1 - - [24/Aug/2019:13:45:43 +0000] "GET /stylesheets/schermata.css HTTP/1.1" 304 -
::1 - - [24/Aug/2019:13:45:43 +0000] "GET /javascripts/js/bootstrap.js HTTP/1.1" 304 -
::1 - - [24/Aug/2019:13:45:43 +0000] "GET /javascripts/home.js HTTP/1.1" 304 -
::1 - - [24/Aug/2019:13:45:43 +0000] "GET /javascripts/RicaricaConto.js HTTP/1.1" 200 158
::1 - - [24/Aug/2019:13:45:43 +0000] "GET /home/user_nickname HTTP/1.1" 304 -
::1 - - [24/Aug/2019:13:45:43 +0000] "GET /home/images/favicon.ico HTTP/1.1" 404 976
::1 - - [24/Aug/2019:13:47:26 +0000] "GET /home/RicaricaConto HTTP/1.1" 200 4868
::1 - - [24/Aug/2019:13:47:26 +0000] "GET /stylesheets/css/bootstrap.min.css HTTP/1.1" 304 -
::1 - - [24/Aug/2019:13:47:26 +0000] "GET /stylesheets/style.css HTTP/1.1" 304 -
::1 - - [24/Aug/2019:13:47:26 +0000] "GET /stylesheets/schermata.css HTTP/1.1" 304 -
::1 - - [24/Aug/2019:13:47:26 +0000] "GET /javascripts/js/bootstrap.js HTTP/1.1" 304 -
::1 - - [24/Aug/2019:13:47:26 +0000] "GET /javascripts/home.js HTTP/1.1" 304 -
::1 - - [24/Aug/2019:13:47:26 +0000] "GET /javascripts/RicaricaConto.js HTTP/1.1" 304 -
::1 - - [24/Aug/2019:13:47:26 +0000] "GET /home/user_nickname HTTP/1.1" 304 -
::1 - - [24/Aug/2019:14:01:58 +0000] "GET /home/RicaricaConto HTTP/1.1" 302 46
::1 - - [24/Aug/2019:14:01:58 +0000] "GET / HTTP/1.1" 304 -
::1 - - [24/Aug/2019:14:01:58 +0000] "GET /stylesheets/css/bootstrap.min.css HTTP/1.1" 304 -
::1 - - [24/Aug/2019:14:01:58 +0000] "GET /stylesheets/style.css HTTP/1.1" 304 -
::1 - - [24/Aug/2019:14:01:58 +0000] "GET /images/slides1.jpg HTTP/1.1" 304 -
::1 - - [24/Aug/2019:14:01:58 +0000] "GET /images/slides2.jpg HTTP/1.1" 304 -
::1 - - [24/Aug/2019:14:01:58 +0000] "GET /javascripts/js/bootstrap.js HTTP/1.1" 304 -
::1 - - [24/Aug/2019:14:01:58 +0000] "GET /javascripts/login.js HTTP/1.1" 304 -
::1 - - [24/Aug/2019:14:01:58 +0000] "GET /images/slides3.jpg HTTP/1.1" 304 -
::1 - - [24/Aug/2019:14:01:58 +0000] "GET /images/passdimenticata.jpg HTTP/1.1" 304 -
::1 - - [24/Aug/2019:14:02:06 +0000] "POST /login HTTP/1.1" 200 5
::1 - - [24/Aug/2019:14:02:06 +0000] "GET /home HTTP/1.1" 304 -
::1 - - [24/Aug/2019:14:02:06 +0000] "GET /stylesheets/css/bootstrap.min.css HTTP/1.1" 304 -
::1 - - [24/Aug/2019:14:02:06 +0000] "GET /stylesheets/style.css HTTP/1.1" 304 -
::1 - - [24/Aug/2019:14:02:06 +0000] "GET /stylesheets/schermata.css HTTP/1.1" 304 -
::1 - - [24/Aug/2019:14:02:06 +0000] "GET /javascripts/js/bootstrap.js HTTP/1.1" 304 -
::1 - - [24/Aug/2019:14:02:06 +0000] "GET /javascripts/home.js HTTP/1.1" 304 -
::1 - - [24/Aug/2019:14:02:06 +0000] "GET /home/user_nickname HTTP/1.1" 304 -
::1 - - [24/Aug/2019:14:02:07 +0000] "GET /home/RicaricaConto HTTP/1.1" 200 4868
::1 - - [24/Aug/2019:14:02:07 +0000] "GET /stylesheets/css/bootstrap.min.css HTTP/1.1" 304 -
::1 - - [24/Aug/2019:14:02:07 +0000] "GET /stylesheets/style.css HTTP/1.1" 304 -
::1 - - [24/Aug/2019:14:02:07 +0000] "GET /stylesheets/schermata.css HTTP/1.1" 304 -
::1 - - [24/Aug/2019:14:02:07 +0000] "GET /javascripts/js/bootstrap.js HTTP/1.1" 304 -
::1 - - [24/Aug/2019:14:02:07 +0000] "GET /javascripts/home.js HTTP/1.1" 304 -
::1 - - [24/Aug/2019:14:02:07 +0000] "GET /javascripts/RicaricaConto.js HTTP/1.1" 200 236
::1 - - [24/Aug/2019:14:02:07 +0000] "GET /home/user_nickname HTTP/1.1" 304 -
